[0.268s] Invoking command in '/home/ubuntu/ros2_ws/src/Manipulator_UR5_Project/build/complete_job_ws': CMAKE_PREFIX_PATH=${CMAKE_PREFIX_PATH}:/opt/ros/jazzy /usr/bin/cmake /home/ubuntu/ros2_ws/src/Manipulator_UR5_Project/robotics_project_ws/src/complete_job_ws -DCMAKE_INSTALL_PREFIX=/home/ubuntu/ros2_ws/src/Manipulator_UR5_Project/install/complete_job_ws
[2.312s] -- The C compiler identification is GNU 13.2.0
[3.273s] -- The CXX compiler identification is GNU 13.2.0
[3.575s] -- Detecting C compiler ABI info
[6.544s] -- Detecting C compiler ABI info - done
[6.743s] -- Check for working C compiler: /usr/bin/cc - skipped
[6.749s] -- Detecting C compile features
[6.753s] -- Detecting C compile features - done
[6.860s] -- Detecting CXX compiler ABI info
[8.833s] -- Detecting CXX compiler ABI info - done
[9.113s] -- Check for working CXX compiler: /usr/bin/c++ - skipped
[9.113s] -- Detecting CXX compile features
[9.136s] -- Detecting CXX compile features - done
[9.541s] -- Found ament_cmake: 2.5.2 (/opt/ros/jazzy/share/ament_cmake/cmake)
[10.986s] -- Found Python3: /usr/bin/python3 (found version "3.12.3") found components: Interpreter 
[13.315s] -- Found rclcpp: 28.1.5 (/opt/ros/jazzy/share/rclcpp/cmake)
[15.006s] -- Found rosidl_generator_c: 4.6.4 (/opt/ros/jazzy/share/rosidl_generator_c/cmake)
[15.160s] -- Found rosidl_generator_cpp: 4.6.4 (/opt/ros/jazzy/share/rosidl_generator_cpp/cmake)
[15.537s] -- Using all available rosidl_typesupport_c: rosidl_typesupport_fastrtps_c;rosidl_typesupport_introspection_c
[15.828s] -- Using all available rosidl_typesupport_cpp: rosidl_typesupport_fastrtps_cpp;rosidl_typesupport_introspection_cpp
[16.439s] -- Found rmw_implementation_cmake: 7.3.1 (/opt/ros/jazzy/share/rmw_implementation_cmake/cmake)
[16.461s] -- Found rmw_fastrtps_cpp: 8.4.1 (/opt/ros/jazzy/share/rmw_fastrtps_cpp/cmake)
[17.026s] -- Found OpenSSL: /usr/lib/aarch64-linux-gnu/libcrypto.so (found version "3.0.13")  
[17.203s] -- Found FastRTPS: /opt/ros/jazzy/include (Required is at least version "2.13") 
[17.309s] -- Using RMW implementation 'rmw_fastrtps_cpp' as default
[17.922s] [31mCMake Error at CMakeLists.txt:14 (find_package):
[17.934s]   By not providing "Findmove_ws.cmake" in CMAKE_MODULE_PATH this project has
[17.937s]   asked CMake to find a package configuration file provided by "move_ws", but
[17.945s]   CMake did not find one.
[17.955s] 
[17.963s]   Could not find a package configuration file provided by "move_ws" with any
[17.969s]   of the following names:
[17.975s] 
[17.989s]     move_wsConfig.cmake
[17.993s]     move_ws-config.cmake
[17.994s] 
[17.994s]   Add the installation prefix of "move_ws" to CMAKE_PREFIX_PATH or set
[17.994s]   "move_ws_DIR" to a directory containing one of the above files.  If
[17.995s]   "move_ws" provides a separate development package or SDK, be sure it has
[17.995s]   been installed.
[17.997s] 
[17.998s] [0m
[18.009s] -- Configuring incomplete, errors occurred!
[18.048s] Invoked command in '/home/ubuntu/ros2_ws/src/Manipulator_UR5_Project/build/complete_job_ws' returned '1': CMAKE_PREFIX_PATH=${CMAKE_PREFIX_PATH}:/opt/ros/jazzy /usr/bin/cmake /home/ubuntu/ros2_ws/src/Manipulator_UR5_Project/robotics_project_ws/src/complete_job_ws -DCMAKE_INSTALL_PREFIX=/home/ubuntu/ros2_ws/src/Manipulator_UR5_Project/install/complete_job_ws
