[0.455s] DEBUG:colcon:Command line arguments: ['/usr/bin/colcon', 'build', '--packages-select', 'complete_job_ws']
[0.463s] DEBUG:colcon:Parsed command line arguments: Namespace(log_base=None, log_level=None, verb_name='build', build_base='build', install_base='install', merge_install=False, symlink_install=False, test_result_base=None, continue_on_error=False, executor='parallel', parallel_workers=8, event_handlers=None, ignore_user_meta=False, metas=['./colcon.meta'], base_paths=['.'], packages_ignore=None, packages_ignore_regex=None, paths=None, packages_up_to=None, packages_up_to_regex=None, packages_above=None, packages_above_and_dependencies=None, packages_above_depth=None, packages_select_by_dep=None, packages_skip_by_dep=None, packages_skip_up_to=None, packages_select_build_failed=False, packages_skip_build_finished=False, packages_select_test_failures=False, packages_skip_test_passed=False, packages_select=['complete_job_ws'], packages_skip=None, packages_select_regex=None, packages_skip_regex=None, packages_start=None, packages_end=None, allow_overriding=[], cmake_args=None, cmake_target=None, cmake_target_skip_unavailable=False, cmake_clean_cache=False, cmake_clean_first=False, cmake_force_configure=False, ament_cmake_args=None, catkin_cmake_args=None, catkin_skip_building_tests=False, verb_parser=<colcon_defaults.argument_parser.defaults.DefaultArgumentsDecorator object at 0xffff9dec50a0>, verb_extension=<colcon_core.verb.build.BuildVerb object at 0xffff9edde300>, main=<bound method BuildVerb.main of <colcon_core.verb.build.BuildVerb object at 0xffff9edde300>>)
[0.764s] Level 1:colcon.colcon_core.package_discovery:discover_packages(colcon_meta) check parameters
[0.766s] Level 1:colcon.colcon_core.package_discovery:discover_packages(recursive) check parameters
[0.766s] Level 1:colcon.colcon_core.package_discovery:discover_packages(ignore) check parameters
[0.766s] Level 1:colcon.colcon_core.package_discovery:discover_packages(path) check parameters
[0.766s] Level 1:colcon.colcon_core.package_discovery:discover_packages(colcon_meta) discover
[0.767s] Level 1:colcon.colcon_core.package_discovery:discover_packages(recursive) discover
[0.767s] INFO:colcon.colcon_core.package_discovery:Crawling recursively for packages in '/home/ubuntu/ros2_ws/src/Manipulator_UR5_Project'
[0.773s] Level 1:colcon.colcon_core.package_identification:_identify(.) by extensions ['ignore', 'ignore_ament_install']
[0.774s] Level 1:colcon.colcon_core.package_identification:_identify(.) by extension 'ignore'
[0.775s] Level 1:colcon.colcon_core.package_identification:_identify(.) by extension 'ignore_ament_install'
[0.776s] Level 1:colcon.colcon_core.package_identification:_identify(.) by extensions ['colcon_pkg']
[0.776s] Level 1:colcon.colcon_core.package_identification:_identify(.) by extension 'colcon_pkg'
[0.780s] Level 1:colcon.colcon_core.package_identification:_identify(.) by extensions ['colcon_meta']
[0.780s] Level 1:colcon.colcon_core.package_identification:_identify(.) by extension 'colcon_meta'
[0.780s] Level 1:colcon.colcon_core.package_identification:_identify(.) by extensions ['ros']
[0.787s] Level 1:colcon.colcon_core.package_identification:_identify(.) by extension 'ros'
[0.931s] Level 1:colcon.colcon_core.package_identification:_identify(.) by extensions ['cmake', 'python']
[0.931s] Level 1:colcon.colcon_core.package_identification:_identify(.) by extension 'cmake'
[0.932s] Level 1:colcon.colcon_core.package_identification:_identify(.) by extension 'python'
[0.932s] Level 1:colcon.colcon_core.package_identification:_identify(.) by extensions ['python_setup_py']
[0.933s] Level 1:colcon.colcon_core.package_identification:_identify(.) by extension 'python_setup_py'
[0.935s] Level 1:colcon.colcon_core.package_identification:_identify(Latex Source) by extensions ['ignore', 'ignore_ament_install']
[0.935s] Level 1:colcon.colcon_core.package_identification:_identify(Latex Source) by extension 'ignore'
[0.936s] Level 1:colcon.colcon_core.package_identification:_identify(Latex Source) by extension 'ignore_ament_install'
[0.937s] Level 1:colcon.colcon_core.package_identification:_identify(Latex Source) by extensions ['colcon_pkg']
[0.937s] Level 1:colcon.colcon_core.package_identification:_identify(Latex Source) by extension 'colcon_pkg'
[0.938s] Level 1:colcon.colcon_core.package_identification:_identify(Latex Source) by extensions ['colcon_meta']
[0.938s] Level 1:colcon.colcon_core.package_identification:_identify(Latex Source) by extension 'colcon_meta'
[0.939s] Level 1:colcon.colcon_core.package_identification:_identify(Latex Source) by extensions ['ros']
[0.943s] Level 1:colcon.colcon_core.package_identification:_identify(Latex Source) by extension 'ros'
[0.946s] Level 1:colcon.colcon_core.package_identification:_identify(Latex Source) by extensions ['cmake', 'python']
[0.946s] Level 1:colcon.colcon_core.package_identification:_identify(Latex Source) by extension 'cmake'
[0.947s] Level 1:colcon.colcon_core.package_identification:_identify(Latex Source) by extension 'python'
[0.948s] Level 1:colcon.colcon_core.package_identification:_identify(Latex Source) by extensions ['python_setup_py']
[0.948s] Level 1:colcon.colcon_core.package_identification:_identify(Latex Source) by extension 'python_setup_py'
[0.950s] Level 1:colcon.colcon_core.package_identification:_identify(build) by extensions ['ignore', 'ignore_ament_install']
[0.951s] Level 1:colcon.colcon_core.package_identification:_identify(build) by extension 'ignore'
[0.951s] Level 1:colcon.colcon_core.package_identification:_identify(build) ignored
[0.952s] Level 1:colcon.colcon_core.package_identification:_identify(install) by extensions ['ignore', 'ignore_ament_install']
[0.953s] Level 1:colcon.colcon_core.package_identification:_identify(install) by extension 'ignore'
[0.953s] Level 1:colcon.colcon_core.package_identification:_identify(install) ignored
[0.956s] Level 1:colcon.colcon_core.package_identification:_identify(log) by extensions ['ignore', 'ignore_ament_install']
[0.956s] Level 1:colcon.colcon_core.package_identification:_identify(log) by extension 'ignore'
[0.961s] Level 1:colcon.colcon_core.package_identification:_identify(log) ignored
[0.966s] Level 1:colcon.colcon_core.package_identification:_identify(robotics_project_ws) by extensions ['ignore', 'ignore_ament_install']
[0.970s] Level 1:colcon.colcon_core.package_identification:_identify(robotics_project_ws) by extension 'ignore'
[0.970s] Level 1:colcon.colcon_core.package_identification:_identify(robotics_project_ws) by extension 'ignore_ament_install'
[0.972s] Level 1:colcon.colcon_core.package_identification:_identify(robotics_project_ws) by extensions ['colcon_pkg']
[0.972s] Level 1:colcon.colcon_core.package_identification:_identify(robotics_project_ws) by extension 'colcon_pkg'
[0.972s] Level 1:colcon.colcon_core.package_identification:_identify(robotics_project_ws) by extensions ['colcon_meta']
[0.974s] Level 1:colcon.colcon_core.package_identification:_identify(robotics_project_ws) by extension 'colcon_meta'
[0.975s] Level 1:colcon.colcon_core.package_identification:_identify(robotics_project_ws) by extensions ['ros']
[0.975s] Level 1:colcon.colcon_core.package_identification:_identify(robotics_project_ws) by extension 'ros'
[0.977s] Level 1:colcon.colcon_core.package_identification:_identify(robotics_project_ws) by extensions ['cmake', 'python']
[0.977s] Level 1:colcon.colcon_core.package_identification:_identify(robotics_project_ws) by extension 'cmake'
[0.978s] Level 1:colcon.colcon_core.package_identification:_identify(robotics_project_ws) by extension 'python'
[0.979s] Level 1:colcon.colcon_core.package_identification:_identify(robotics_project_ws) by extensions ['python_setup_py']
[0.979s] Level 1:colcon.colcon_core.package_identification:_identify(robotics_project_ws) by extension 'python_setup_py'
[0.981s] Level 1:colcon.colcon_core.package_identification:_identify(robotics_project_ws/src) by extensions ['ignore', 'ignore_ament_install']
[0.981s] Level 1:colcon.colcon_core.package_identification:_identify(robotics_project_ws/src) by extension 'ignore'
[0.982s] Level 1:colcon.colcon_core.package_identification:_identify(robotics_project_ws/src) by extension 'ignore_ament_install'
[0.982s] Level 1:colcon.colcon_core.package_identification:_identify(robotics_project_ws/src) by extensions ['colcon_pkg']
[0.982s] Level 1:colcon.colcon_core.package_identification:_identify(robotics_project_ws/src) by extension 'colcon_pkg'
[0.983s] Level 1:colcon.colcon_core.package_identification:_identify(robotics_project_ws/src) by extensions ['colcon_meta']
[0.983s] Level 1:colcon.colcon_core.package_identification:_identify(robotics_project_ws/src) by extension 'colcon_meta'
[0.983s] Level 1:colcon.colcon_core.package_identification:_identify(robotics_project_ws/src) by extensions ['ros']
[0.983s] Level 1:colcon.colcon_core.package_identification:_identify(robotics_project_ws/src) by extension 'ros'
[0.984s] Level 1:colcon.colcon_core.package_identification:_identify(robotics_project_ws/src) by extensions ['cmake', 'python']
[0.984s] Level 1:colcon.colcon_core.package_identification:_identify(robotics_project_ws/src) by extension 'cmake'
[0.985s] Level 1:colcon.colcon_core.package_identification:_identify(robotics_project_ws/src) by extension 'python'
[0.985s] Level 1:colcon.colcon_core.package_identification:_identify(robotics_project_ws/src) by extensions ['python_setup_py']
[0.985s] Level 1:colcon.colcon_core.package_identification:_identify(robotics_project_ws/src) by extension 'python_setup_py'
[0.987s] Level 1:colcon.colcon_core.package_identification:_identify(robotics_project_ws/src/block_spawner_ws) by extensions ['ignore', 'ignore_ament_install']
[0.987s] Level 1:colcon.colcon_core.package_identification:_identify(robotics_project_ws/src/block_spawner_ws) by extension 'ignore'
[0.987s] Level 1:colcon.colcon_core.package_identification:_identify(robotics_project_ws/src/block_spawner_ws) by extension 'ignore_ament_install'
[0.988s] Level 1:colcon.colcon_core.package_identification:_identify(robotics_project_ws/src/block_spawner_ws) by extensions ['colcon_pkg']
[0.988s] Level 1:colcon.colcon_core.package_identification:_identify(robotics_project_ws/src/block_spawner_ws) by extension 'colcon_pkg'
[0.988s] Level 1:colcon.colcon_core.package_identification:_identify(robotics_project_ws/src/block_spawner_ws) by extensions ['colcon_meta']
[0.988s] Level 1:colcon.colcon_core.package_identification:_identify(robotics_project_ws/src/block_spawner_ws) by extension 'colcon_meta'
[0.989s] Level 1:colcon.colcon_core.package_identification:_identify(robotics_project_ws/src/block_spawner_ws) by extensions ['ros']
[0.989s] Level 1:colcon.colcon_core.package_identification:_identify(robotics_project_ws/src/block_spawner_ws) by extension 'ros'
[0.998s] DEBUG:colcon.colcon_core.package_identification:Package 'robotics_project_ws/src/block_spawner_ws' with type 'ros.ament_cmake' and name 'block_spawner_ws_pkg'
[1.000s] Level 1:colcon.colcon_core.package_identification:_identify(robotics_project_ws/src/camera_ws) by extensions ['ignore', 'ignore_ament_install']
[1.000s] Level 1:colcon.colcon_core.package_identification:_identify(robotics_project_ws/src/camera_ws) by extension 'ignore'
[1.001s] Level 1:colcon.colcon_core.package_identification:_identify(robotics_project_ws/src/camera_ws) by extension 'ignore_ament_install'
[1.001s] Level 1:colcon.colcon_core.package_identification:_identify(robotics_project_ws/src/camera_ws) by extensions ['colcon_pkg']
[1.002s] Level 1:colcon.colcon_core.package_identification:_identify(robotics_project_ws/src/camera_ws) by extension 'colcon_pkg'
[1.002s] Level 1:colcon.colcon_core.package_identification:_identify(robotics_project_ws/src/camera_ws) by extensions ['colcon_meta']
[1.002s] Level 1:colcon.colcon_core.package_identification:_identify(robotics_project_ws/src/camera_ws) by extension 'colcon_meta'
[1.002s] Level 1:colcon.colcon_core.package_identification:_identify(robotics_project_ws/src/camera_ws) by extensions ['ros']
[1.003s] Level 1:colcon.colcon_core.package_identification:_identify(robotics_project_ws/src/camera_ws) by extension 'ros'
[1.006s] DEBUG:colcon.colcon_core.package_identification:Package 'robotics_project_ws/src/camera_ws' with type 'ros.ament_cmake' and name 'camera_ws'
[1.007s] Level 1:colcon.colcon_core.package_identification:_identify(robotics_project_ws/src/complete_job_ws) by extensions ['ignore', 'ignore_ament_install']
[1.007s] Level 1:colcon.colcon_core.package_identification:_identify(robotics_project_ws/src/complete_job_ws) by extension 'ignore'
[1.008s] Level 1:colcon.colcon_core.package_identification:_identify(robotics_project_ws/src/complete_job_ws) by extension 'ignore_ament_install'
[1.009s] Level 1:colcon.colcon_core.package_identification:_identify(robotics_project_ws/src/complete_job_ws) by extensions ['colcon_pkg']
[1.010s] Level 1:colcon.colcon_core.package_identification:_identify(robotics_project_ws/src/complete_job_ws) by extension 'colcon_pkg'
[1.011s] Level 1:colcon.colcon_core.package_identification:_identify(robotics_project_ws/src/complete_job_ws) by extensions ['colcon_meta']
[1.011s] Level 1:colcon.colcon_core.package_identification:_identify(robotics_project_ws/src/complete_job_ws) by extension 'colcon_meta'
[1.012s] Level 1:colcon.colcon_core.package_identification:_identify(robotics_project_ws/src/complete_job_ws) by extensions ['ros']
[1.012s] Level 1:colcon.colcon_core.package_identification:_identify(robotics_project_ws/src/complete_job_ws) by extension 'ros'
[1.025s] DEBUG:colcon.colcon_core.package_identification:Package 'robotics_project_ws/src/complete_job_ws' with type 'ros.ament_cmake' and name 'complete_job_ws'
[1.026s] Level 1:colcon.colcon_core.package_identification:_identify(robotics_project_ws/src/gripper_ws) by extensions ['ignore', 'ignore_ament_install']
[1.027s] Level 1:colcon.colcon_core.package_identification:_identify(robotics_project_ws/src/gripper_ws) by extension 'ignore'
[1.029s] Level 1:colcon.colcon_core.package_identification:_identify(robotics_project_ws/src/gripper_ws) by extension 'ignore_ament_install'
[1.030s] Level 1:colcon.colcon_core.package_identification:_identify(robotics_project_ws/src/gripper_ws) by extensions ['colcon_pkg']
[1.031s] Level 1:colcon.colcon_core.package_identification:_identify(robotics_project_ws/src/gripper_ws) by extension 'colcon_pkg'
[1.032s] Level 1:colcon.colcon_core.package_identification:_identify(robotics_project_ws/src/gripper_ws) by extensions ['colcon_meta']
[1.032s] Level 1:colcon.colcon_core.package_identification:_identify(robotics_project_ws/src/gripper_ws) by extension 'colcon_meta'
[1.032s] Level 1:colcon.colcon_core.package_identification:_identify(robotics_project_ws/src/gripper_ws) by extensions ['ros']
[1.033s] Level 1:colcon.colcon_core.package_identification:_identify(robotics_project_ws/src/gripper_ws) by extension 'ros'
[1.041s] DEBUG:colcon.colcon_core.package_identification:Package 'robotics_project_ws/src/gripper_ws' with type 'ros.ament_cmake' and name 'gripper_ws'
[1.042s] Level 1:colcon.colcon_core.package_identification:_identify(robotics_project_ws/src/move_ws) by extensions ['ignore', 'ignore_ament_install']
[1.043s] Level 1:colcon.colcon_core.package_identification:_identify(robotics_project_ws/src/move_ws) by extension 'ignore'
[1.044s] Level 1:colcon.colcon_core.package_identification:_identify(robotics_project_ws/src/move_ws) by extension 'ignore_ament_install'
[1.044s] Level 1:colcon.colcon_core.package_identification:_identify(robotics_project_ws/src/move_ws) by extensions ['colcon_pkg']
[1.044s] Level 1:colcon.colcon_core.package_identification:_identify(robotics_project_ws/src/move_ws) by extension 'colcon_pkg'
[1.045s] Level 1:colcon.colcon_core.package_identification:_identify(robotics_project_ws/src/move_ws) by extensions ['colcon_meta']
[1.045s] Level 1:colcon.colcon_core.package_identification:_identify(robotics_project_ws/src/move_ws) by extension 'colcon_meta'
[1.045s] Level 1:colcon.colcon_core.package_identification:_identify(robotics_project_ws/src/move_ws) by extensions ['ros']
[1.045s] Level 1:colcon.colcon_core.package_identification:_identify(robotics_project_ws/src/move_ws) by extension 'ros'
[1.048s] DEBUG:colcon.colcon_core.package_identification:Package 'robotics_project_ws/src/move_ws' with type 'ros.ament_cmake' and name 'move_ws'
[1.064s] Level 1:colcon.colcon_core.package_identification:_identify(robotics_project_ws/src/vision_ws) by extensions ['ignore', 'ignore_ament_install']
[1.064s] Level 1:colcon.colcon_core.package_identification:_identify(robotics_project_ws/src/vision_ws) by extension 'ignore'
[1.066s] Level 1:colcon.colcon_core.package_identification:_identify(robotics_project_ws/src/vision_ws) by extension 'ignore_ament_install'
[1.067s] Level 1:colcon.colcon_core.package_identification:_identify(robotics_project_ws/src/vision_ws) by extensions ['colcon_pkg']
[1.067s] Level 1:colcon.colcon_core.package_identification:_identify(robotics_project_ws/src/vision_ws) by extension 'colcon_pkg'
[1.068s] Level 1:colcon.colcon_core.package_identification:_identify(robotics_project_ws/src/vision_ws) by extensions ['colcon_meta']
[1.068s] Level 1:colcon.colcon_core.package_identification:_identify(robotics_project_ws/src/vision_ws) by extension 'colcon_meta'
[1.068s] Level 1:colcon.colcon_core.package_identification:_identify(robotics_project_ws/src/vision_ws) by extensions ['ros']
[1.068s] Level 1:colcon.colcon_core.package_identification:_identify(robotics_project_ws/src/vision_ws) by extension 'ros'
[1.070s] Level 1:colcon.colcon_core.package_identification:_identify(robotics_project_ws/src/vision_ws) by extensions ['cmake', 'python']
[1.073s] Level 1:colcon.colcon_core.package_identification:_identify(robotics_project_ws/src/vision_ws) by extension 'cmake'
[1.150s] Level 1:colcon.colcon_core.package_identification:_identify(robotics_project_ws/src/vision_ws) by extension 'python'
[1.159s] DEBUG:colcon.colcon_core.package_identification:Package 'robotics_project_ws/src/vision_ws' with type 'cmake' and name 'vision_ws'
[1.161s] Level 1:colcon.colcon_core.package_identification:_identify(ros2_ur5_interface) by extensions ['ignore', 'ignore_ament_install']
[1.162s] Level 1:colcon.colcon_core.package_identification:_identify(ros2_ur5_interface) by extension 'ignore'
[1.162s] Level 1:colcon.colcon_core.package_identification:_identify(ros2_ur5_interface) by extension 'ignore_ament_install'
[1.163s] Level 1:colcon.colcon_core.package_identification:_identify(ros2_ur5_interface) by extensions ['colcon_pkg']
[1.163s] Level 1:colcon.colcon_core.package_identification:_identify(ros2_ur5_interface) by extension 'colcon_pkg'
[1.163s] Level 1:colcon.colcon_core.package_identification:_identify(ros2_ur5_interface) by extensions ['colcon_meta']
[1.163s] Level 1:colcon.colcon_core.package_identification:_identify(ros2_ur5_interface) by extension 'colcon_meta'
[1.163s] Level 1:colcon.colcon_core.package_identification:_identify(ros2_ur5_interface) by extensions ['ros']
[1.163s] Level 1:colcon.colcon_core.package_identification:_identify(ros2_ur5_interface) by extension 'ros'
[1.173s] DEBUG:colcon.colcon_core.package_identification:Package 'ros2_ur5_interface' with type 'ros.ament_cmake' and name 'ros2_ur5_interface'
[1.178s] Level 1:colcon.colcon_core.package_discovery:discover_packages(recursive) using defaults
[1.181s] Level 1:colcon.colcon_core.package_discovery:discover_packages(ignore) discover
[1.181s] Level 1:colcon.colcon_core.package_discovery:discover_packages(ignore) using defaults
[1.181s] Level 1:colcon.colcon_core.package_discovery:discover_packages(path) discover
[1.181s] Level 1:colcon.colcon_core.package_discovery:discover_packages(path) using defaults
[1.387s] INFO:colcon.colcon_core.package_selection:Skipping not selected package 'block_spawner_ws_pkg' in 'robotics_project_ws/src/block_spawner_ws'
[1.388s] INFO:colcon.colcon_core.package_selection:Skipping not selected package 'camera_ws' in 'robotics_project_ws/src/camera_ws'
[1.389s] INFO:colcon.colcon_core.package_selection:Skipping not selected package 'gripper_ws' in 'robotics_project_ws/src/gripper_ws'
[1.389s] INFO:colcon.colcon_core.package_selection:Skipping not selected package 'move_ws' in 'robotics_project_ws/src/move_ws'
[1.389s] INFO:colcon.colcon_core.package_selection:Skipping not selected package 'ros2_ur5_interface' in 'ros2_ur5_interface'
[1.389s] INFO:colcon.colcon_core.package_selection:Skipping not selected package 'vision_ws' in 'robotics_project_ws/src/vision_ws'
[1.391s] Level 1:colcon.colcon_core.package_discovery:discover_packages(prefix_path) check parameters
[1.391s] Level 1:colcon.colcon_core.package_discovery:discover_packages(prefix_path) discover
[1.427s] DEBUG:colcon.colcon_installed_package_information.package_discovery:Found 364 installed packages in /opt/ros/jazzy
[1.430s] Level 1:colcon.colcon_core.package_discovery:discover_packages(prefix_path) using defaults
[1.837s] Level 5:colcon.colcon_core.verb:set package 'complete_job_ws' build argument 'cmake_args' from command line to 'None'
[1.853s] Level 5:colcon.colcon_core.verb:set package 'complete_job_ws' build argument 'cmake_target' from command line to 'None'
[1.859s] Level 5:colcon.colcon_core.verb:set package 'complete_job_ws' build argument 'cmake_target_skip_unavailable' from command line to 'False'
[1.861s] Level 5:colcon.colcon_core.verb:set package 'complete_job_ws' build argument 'cmake_clean_cache' from command line to 'False'
[1.861s] Level 5:colcon.colcon_core.verb:set package 'complete_job_ws' build argument 'cmake_clean_first' from command line to 'False'
[1.861s] Level 5:colcon.colcon_core.verb:set package 'complete_job_ws' build argument 'cmake_force_configure' from command line to 'False'
[1.862s] Level 5:colcon.colcon_core.verb:set package 'complete_job_ws' build argument 'ament_cmake_args' from command line to 'None'
[1.863s] Level 5:colcon.colcon_core.verb:set package 'complete_job_ws' build argument 'catkin_cmake_args' from command line to 'None'
[1.865s] Level 5:colcon.colcon_core.verb:set package 'complete_job_ws' build argument 'catkin_skip_building_tests' from command line to 'False'
[1.866s] DEBUG:colcon.colcon_core.verb:Building package 'complete_job_ws' with the following arguments: {'ament_cmake_args': None, 'build_base': '/home/ubuntu/ros2_ws/src/Manipulator_UR5_Project/build/complete_job_ws', 'catkin_cmake_args': None, 'catkin_skip_building_tests': False, 'cmake_args': None, 'cmake_clean_cache': False, 'cmake_clean_first': False, 'cmake_force_configure': False, 'cmake_target': None, 'cmake_target_skip_unavailable': False, 'install_base': '/home/ubuntu/ros2_ws/src/Manipulator_UR5_Project/install/complete_job_ws', 'merge_install': False, 'path': '/home/ubuntu/ros2_ws/src/Manipulator_UR5_Project/robotics_project_ws/src/complete_job_ws', 'symlink_install': False, 'test_result_base': None}
[1.866s] INFO:colcon.colcon_core.executor:Executing jobs using 'parallel' executor
[1.872s] DEBUG:colcon.colcon_parallel_executor.executor.parallel:run_until_complete
[1.875s] INFO:colcon.colcon_ros.task.ament_cmake.build:Building ROS package in '/home/ubuntu/ros2_ws/src/Manipulator_UR5_Project/robotics_project_ws/src/complete_job_ws' with build type 'ament_cmake'
[1.876s] INFO:colcon.colcon_cmake.task.cmake.build:Building CMake package in '/home/ubuntu/ros2_ws/src/Manipulator_UR5_Project/robotics_project_ws/src/complete_job_ws'
[1.905s] INFO:colcon.colcon_core.plugin_system:Skipping extension 'colcon_core.shell.bat': Not used on non-Windows systems
[1.908s] INFO:colcon.colcon_core.shell:Skip shell extension 'powershell' for command environment: Not usable outside of PowerShell
[1.909s] DEBUG:colcon.colcon_core.shell:Skip shell extension 'dsv' for command environment
[2.148s] DEBUG:colcon.colcon_core.event_handler.log_command:Invoking command in '/home/ubuntu/ros2_ws/src/Manipulator_UR5_Project/build/complete_job_ws': CMAKE_PREFIX_PATH=${CMAKE_PREFIX_PATH}:/opt/ros/jazzy /usr/bin/cmake /home/ubuntu/ros2_ws/src/Manipulator_UR5_Project/robotics_project_ws/src/complete_job_ws -DCMAKE_INSTALL_PREFIX=/home/ubuntu/ros2_ws/src/Manipulator_UR5_Project/install/complete_job_ws
[19.938s] DEBUG:colcon.colcon_core.event_handler.log_command:Invoked command in '/home/ubuntu/ros2_ws/src/Manipulator_UR5_Project/build/complete_job_ws' returned '1': CMAKE_PREFIX_PATH=${CMAKE_PREFIX_PATH}:/opt/ros/jazzy /usr/bin/cmake /home/ubuntu/ros2_ws/src/Manipulator_UR5_Project/robotics_project_ws/src/complete_job_ws -DCMAKE_INSTALL_PREFIX=/home/ubuntu/ros2_ws/src/Manipulator_UR5_Project/install/complete_job_ws
[20.007s] Level 1:colcon.colcon_core.environment:create_environment_scripts_only(complete_job_ws)
[20.023s] Level 1:colcon.colcon_core.environment:checking '/home/ubuntu/ros2_ws/src/Manipulator_UR5_Project/install/complete_job_ws' for CMake module files
[20.026s] Level 1:colcon.colcon_core.environment:checking '/home/ubuntu/ros2_ws/src/Manipulator_UR5_Project/install/complete_job_ws' for CMake config files
[20.027s] Level 1:colcon.colcon_core.environment:checking '/home/ubuntu/ros2_ws/src/Manipulator_UR5_Project/install/complete_job_ws/bin'
[20.028s] Level 1:colcon.colcon_core.environment:checking '/home/ubuntu/ros2_ws/src/Manipulator_UR5_Project/install/complete_job_ws/lib/pkgconfig/complete_job_ws.pc'
[20.030s] Level 1:colcon.colcon_core.environment:checking '/home/ubuntu/ros2_ws/src/Manipulator_UR5_Project/install/complete_job_ws/lib/python3.12/site-packages'
[20.032s] Level 1:colcon.colcon_core.environment:checking '/home/ubuntu/ros2_ws/src/Manipulator_UR5_Project/install/complete_job_ws/bin'
[20.033s] INFO:colcon.colcon_core.shell:Creating package script '/home/ubuntu/ros2_ws/src/Manipulator_UR5_Project/install/complete_job_ws/share/complete_job_ws/package.ps1'
[20.039s] INFO:colcon.colcon_core.shell:Creating package descriptor '/home/ubuntu/ros2_ws/src/Manipulator_UR5_Project/install/complete_job_ws/share/complete_job_ws/package.dsv'
[20.041s] INFO:colcon.colcon_core.shell:Creating package script '/home/ubuntu/ros2_ws/src/Manipulator_UR5_Project/install/complete_job_ws/share/complete_job_ws/package.sh'
[20.044s] INFO:colcon.colcon_core.shell:Creating package script '/home/ubuntu/ros2_ws/src/Manipulator_UR5_Project/install/complete_job_ws/share/complete_job_ws/package.bash'
[20.047s] INFO:colcon.colcon_core.shell:Creating package script '/home/ubuntu/ros2_ws/src/Manipulator_UR5_Project/install/complete_job_ws/share/complete_job_ws/package.zsh'
[20.053s] Level 1:colcon.colcon_core.environment:create_file_with_runtime_dependencies(/home/ubuntu/ros2_ws/src/Manipulator_UR5_Project/install/complete_job_ws/share/colcon-core/packages/complete_job_ws)
[20.069s] DEBUG:colcon.colcon_parallel_executor.executor.parallel:closing loop
[20.069s] DEBUG:colcon.colcon_parallel_executor.executor.parallel:loop closed
[20.069s] DEBUG:colcon.colcon_parallel_executor.executor.parallel:run_until_complete finished with '1'
[20.069s] DEBUG:colcon.colcon_core.event_reactor:joining thread
[20.121s] INFO:colcon.colcon_core.plugin_system:Skipping extension 'colcon_notification.desktop_notification.terminal_notifier': Not used on non-Darwin systems
[20.123s] INFO:colcon.colcon_core.plugin_system:Skipping extension 'colcon_notification.desktop_notification.win32': Not used on non-Windows systems
[20.123s] INFO:colcon.colcon_notification.desktop_notification:Sending desktop notification using 'notify2'
[20.993s] DEBUG:colcon.colcon_core.event_reactor:joined thread
[21.006s] INFO:colcon.colcon_core.shell:Creating prefix script '/home/ubuntu/ros2_ws/src/Manipulator_UR5_Project/install/local_setup.ps1'
[21.040s] INFO:colcon.colcon_core.shell:Creating prefix util module '/home/ubuntu/ros2_ws/src/Manipulator_UR5_Project/install/_local_setup_util_ps1.py'
[21.067s] INFO:colcon.colcon_core.shell:Creating prefix chain script '/home/ubuntu/ros2_ws/src/Manipulator_UR5_Project/install/setup.ps1'
[21.094s] INFO:colcon.colcon_core.shell:Creating prefix script '/home/ubuntu/ros2_ws/src/Manipulator_UR5_Project/install/local_setup.sh'
[21.100s] INFO:colcon.colcon_core.shell:Creating prefix util module '/home/ubuntu/ros2_ws/src/Manipulator_UR5_Project/install/_local_setup_util_sh.py'
[21.107s] INFO:colcon.colcon_core.shell:Creating prefix chain script '/home/ubuntu/ros2_ws/src/Manipulator_UR5_Project/install/setup.sh'
[21.115s] INFO:colcon.colcon_core.shell:Creating prefix script '/home/ubuntu/ros2_ws/src/Manipulator_UR5_Project/install/local_setup.bash'
[21.138s] INFO:colcon.colcon_core.shell:Creating prefix chain script '/home/ubuntu/ros2_ws/src/Manipulator_UR5_Project/install/setup.bash'
[21.150s] INFO:colcon.colcon_core.shell:Creating prefix script '/home/ubuntu/ros2_ws/src/Manipulator_UR5_Project/install/local_setup.zsh'
[21.156s] INFO:colcon.colcon_core.shell:Creating prefix chain script '/home/ubuntu/ros2_ws/src/Manipulator_UR5_Project/install/setup.zsh'
