[0.887s] DEBUG:colcon:Command line arguments: ['/usr/bin/colcon', 'list']
[0.888s] DEBUG:colcon:Parsed command line arguments: Namespace(log_base=None, log_level=None, verb_name='list', build_base='build', ignore_user_meta=False, metas=['./colcon.meta'], base_paths=['.'], packages_ignore=None, packages_ignore_regex=None, paths=None, packages_up_to=None, packages_up_to_regex=None, packages_above=None, packages_above_and_dependencies=None, packages_above_depth=None, packages_select_by_dep=None, packages_skip_by_dep=None, packages_skip_up_to=None, packages_select_build_failed=False, packages_skip_build_finished=False, packages_select_test_failures=False, packages_skip_test_passed=False, packages_select=None, packages_skip=None, packages_select_regex=None, packages_skip_regex=None, packages_start=None, packages_end=None, allow_overriding=[], topological_order=False, names_only=False, paths_only=False, topological_graph=False, topological_graph_dot=False, topological_graph_density=False, topological_graph_legend=False, topological_graph_dot_cluster=False, topological_graph_dot_include_skipped=False, verb_parser=<colcon_defaults.argument_parser.defaults.DefaultArgumentsDecorator object at 0xffff89c47890>, verb_extension=<colcon_package_information.verb.list.ListVerb object at 0xffff89bf0ec0>, main=<bound method ListVerb.main of <colcon_package_information.verb.list.ListVerb object at 0xffff89bf0ec0>>)
[1.500s] Level 1:colcon.colcon_core.package_discovery:discover_packages(colcon_meta) check parameters
[1.531s] Level 1:colcon.colcon_core.package_discovery:discover_packages(recursive) check parameters
[1.534s] Level 1:colcon.colcon_core.package_discovery:discover_packages(ignore) check parameters
[1.543s] Level 1:colcon.colcon_core.package_discovery:discover_packages(path) check parameters
[1.546s] Level 1:colcon.colcon_core.package_discovery:discover_packages(colcon_meta) discover
[1.547s] Level 1:colcon.colcon_core.package_discovery:discover_packages(recursive) discover
[1.558s] INFO:colcon.colcon_core.package_discovery:Crawling recursively for packages in '/home/ubuntu/ros2_ws/src/Manipulator_UR5_Project'
[1.569s] Level 1:colcon.colcon_core.package_identification:_identify(.) by extensions ['ignore', 'ignore_ament_install']
[1.570s] Level 1:colcon.colcon_core.package_identification:_identify(.) by extension 'ignore'
[1.581s] Level 1:colcon.colcon_core.package_identification:_identify(.) by extension 'ignore_ament_install'
[1.585s] Level 1:colcon.colcon_core.package_identification:_identify(.) by extensions ['colcon_pkg']
[1.585s] Level 1:colcon.colcon_core.package_identification:_identify(.) by extension 'colcon_pkg'
[1.586s] Level 1:colcon.colcon_core.package_identification:_identify(.) by extensions ['colcon_meta']
[1.586s] Level 1:colcon.colcon_core.package_identification:_identify(.) by extension 'colcon_meta'
[1.587s] Level 1:colcon.colcon_core.package_identification:_identify(.) by extensions ['ros']
[1.587s] Level 1:colcon.colcon_core.package_identification:_identify(.) by extension 'ros'
[2.028s] Level 1:colcon.colcon_core.package_identification:_identify(.) by extensions ['cmake', 'python']
[2.030s] Level 1:colcon.colcon_core.package_identification:_identify(.) by extension 'cmake'
[2.031s] Level 1:colcon.colcon_core.package_identification:_identify(.) by extension 'python'
[2.033s] Level 1:colcon.colcon_core.package_identification:_identify(.) by extensions ['python_setup_py']
[2.034s] Level 1:colcon.colcon_core.package_identification:_identify(.) by extension 'python_setup_py'
[2.040s] Level 1:colcon.colcon_core.package_identification:_identify(Latex Source) by extensions ['ignore', 'ignore_ament_install']
[2.043s] Level 1:colcon.colcon_core.package_identification:_identify(Latex Source) by extension 'ignore'
[2.044s] Level 1:colcon.colcon_core.package_identification:_identify(Latex Source) by extension 'ignore_ament_install'
[2.045s] Level 1:colcon.colcon_core.package_identification:_identify(Latex Source) by extensions ['colcon_pkg']
[2.046s] Level 1:colcon.colcon_core.package_identification:_identify(Latex Source) by extension 'colcon_pkg'
[2.047s] Level 1:colcon.colcon_core.package_identification:_identify(Latex Source) by extensions ['colcon_meta']
[2.049s] Level 1:colcon.colcon_core.package_identification:_identify(Latex Source) by extension 'colcon_meta'
[2.049s] Level 1:colcon.colcon_core.package_identification:_identify(Latex Source) by extensions ['ros']
[2.050s] Level 1:colcon.colcon_core.package_identification:_identify(Latex Source) by extension 'ros'
[2.056s] Level 1:colcon.colcon_core.package_identification:_identify(Latex Source) by extensions ['cmake', 'python']
[2.057s] Level 1:colcon.colcon_core.package_identification:_identify(Latex Source) by extension 'cmake'
[2.062s] Level 1:colcon.colcon_core.package_identification:_identify(Latex Source) by extension 'python'
[2.063s] Level 1:colcon.colcon_core.package_identification:_identify(Latex Source) by extensions ['python_setup_py']
[2.063s] Level 1:colcon.colcon_core.package_identification:_identify(Latex Source) by extension 'python_setup_py'
[2.070s] Level 1:colcon.colcon_core.package_identification:_identify(build) by extensions ['ignore', 'ignore_ament_install']
[2.072s] Level 1:colcon.colcon_core.package_identification:_identify(build) by extension 'ignore'
[2.074s] Level 1:colcon.colcon_core.package_identification:_identify(build) ignored
[2.077s] Level 1:colcon.colcon_core.package_identification:_identify(install) by extensions ['ignore', 'ignore_ament_install']
[2.078s] Level 1:colcon.colcon_core.package_identification:_identify(install) by extension 'ignore'
[2.079s] Level 1:colcon.colcon_core.package_identification:_identify(install) ignored
[2.088s] Level 1:colcon.colcon_core.package_identification:_identify(log) by extensions ['ignore', 'ignore_ament_install']
[2.090s] Level 1:colcon.colcon_core.package_identification:_identify(log) by extension 'ignore'
[2.094s] Level 1:colcon.colcon_core.package_identification:_identify(log) ignored
[2.096s] Level 1:colcon.colcon_core.package_identification:_identify(robotics_project_ws) by extensions ['ignore', 'ignore_ament_install']
[2.098s] Level 1:colcon.colcon_core.package_identification:_identify(robotics_project_ws) by extension 'ignore'
[2.099s] Level 1:colcon.colcon_core.package_identification:_identify(robotics_project_ws) by extension 'ignore_ament_install'
[2.099s] Level 1:colcon.colcon_core.package_identification:_identify(robotics_project_ws) by extensions ['colcon_pkg']
[2.099s] Level 1:colcon.colcon_core.package_identification:_identify(robotics_project_ws) by extension 'colcon_pkg'
[2.100s] Level 1:colcon.colcon_core.package_identification:_identify(robotics_project_ws) by extensions ['colcon_meta']
[2.100s] Level 1:colcon.colcon_core.package_identification:_identify(robotics_project_ws) by extension 'colcon_meta'
[2.100s] Level 1:colcon.colcon_core.package_identification:_identify(robotics_project_ws) by extensions ['ros']
[2.100s] Level 1:colcon.colcon_core.package_identification:_identify(robotics_project_ws) by extension 'ros'
[2.101s] Level 1:colcon.colcon_core.package_identification:_identify(robotics_project_ws) by extensions ['cmake', 'python']
[2.101s] Level 1:colcon.colcon_core.package_identification:_identify(robotics_project_ws) by extension 'cmake'
[2.102s] Level 1:colcon.colcon_core.package_identification:_identify(robotics_project_ws) by extension 'python'
[2.102s] Level 1:colcon.colcon_core.package_identification:_identify(robotics_project_ws) by extensions ['python_setup_py']
[2.102s] Level 1:colcon.colcon_core.package_identification:_identify(robotics_project_ws) by extension 'python_setup_py'
[2.103s] Level 1:colcon.colcon_core.package_identification:_identify(robotics_project_ws/src) by extensions ['ignore', 'ignore_ament_install']
[2.104s] Level 1:colcon.colcon_core.package_identification:_identify(robotics_project_ws/src) by extension 'ignore'
[2.105s] Level 1:colcon.colcon_core.package_identification:_identify(robotics_project_ws/src) by extension 'ignore_ament_install'
[2.107s] Level 1:colcon.colcon_core.package_identification:_identify(robotics_project_ws/src) by extensions ['colcon_pkg']
[2.110s] Level 1:colcon.colcon_core.package_identification:_identify(robotics_project_ws/src) by extension 'colcon_pkg'
[2.110s] Level 1:colcon.colcon_core.package_identification:_identify(robotics_project_ws/src) by extensions ['colcon_meta']
[2.111s] Level 1:colcon.colcon_core.package_identification:_identify(robotics_project_ws/src) by extension 'colcon_meta'
[2.111s] Level 1:colcon.colcon_core.package_identification:_identify(robotics_project_ws/src) by extensions ['ros']
[2.111s] Level 1:colcon.colcon_core.package_identification:_identify(robotics_project_ws/src) by extension 'ros'
[2.115s] Level 1:colcon.colcon_core.package_identification:_identify(robotics_project_ws/src) by extensions ['cmake', 'python']
[2.115s] Level 1:colcon.colcon_core.package_identification:_identify(robotics_project_ws/src) by extension 'cmake'
[2.116s] Level 1:colcon.colcon_core.package_identification:_identify(robotics_project_ws/src) by extension 'python'
[2.117s] Level 1:colcon.colcon_core.package_identification:_identify(robotics_project_ws/src) by extensions ['python_setup_py']
[2.117s] Level 1:colcon.colcon_core.package_identification:_identify(robotics_project_ws/src) by extension 'python_setup_py'
[2.119s] Level 1:colcon.colcon_core.package_identification:_identify(robotics_project_ws/src/block_spawner_ws) by extensions ['ignore', 'ignore_ament_install']
[2.119s] Level 1:colcon.colcon_core.package_identification:_identify(robotics_project_ws/src/block_spawner_ws) by extension 'ignore'
[2.120s] Level 1:colcon.colcon_core.package_identification:_identify(robotics_project_ws/src/block_spawner_ws) by extension 'ignore_ament_install'
[2.120s] Level 1:colcon.colcon_core.package_identification:_identify(robotics_project_ws/src/block_spawner_ws) by extensions ['colcon_pkg']
[2.120s] Level 1:colcon.colcon_core.package_identification:_identify(robotics_project_ws/src/block_spawner_ws) by extension 'colcon_pkg'
[2.121s] Level 1:colcon.colcon_core.package_identification:_identify(robotics_project_ws/src/block_spawner_ws) by extensions ['colcon_meta']
[2.121s] Level 1:colcon.colcon_core.package_identification:_identify(robotics_project_ws/src/block_spawner_ws) by extension 'colcon_meta'
[2.122s] Level 1:colcon.colcon_core.package_identification:_identify(robotics_project_ws/src/block_spawner_ws) by extensions ['ros']
[2.122s] Level 1:colcon.colcon_core.package_identification:_identify(robotics_project_ws/src/block_spawner_ws) by extension 'ros'
[2.142s] DEBUG:colcon.colcon_core.package_identification:Package 'robotics_project_ws/src/block_spawner_ws' with type 'ros.ament_cmake' and name 'block_spawner_ws_pkg'
[2.155s] Level 1:colcon.colcon_core.package_identification:_identify(robotics_project_ws/src/camera_ws) by extensions ['ignore', 'ignore_ament_install']
[2.157s] Level 1:colcon.colcon_core.package_identification:_identify(robotics_project_ws/src/camera_ws) by extension 'ignore'
[2.163s] Level 1:colcon.colcon_core.package_identification:_identify(robotics_project_ws/src/camera_ws) by extension 'ignore_ament_install'
[2.167s] Level 1:colcon.colcon_core.package_identification:_identify(robotics_project_ws/src/camera_ws) by extensions ['colcon_pkg']
[2.169s] Level 1:colcon.colcon_core.package_identification:_identify(robotics_project_ws/src/camera_ws) by extension 'colcon_pkg'
[2.172s] Level 1:colcon.colcon_core.package_identification:_identify(robotics_project_ws/src/camera_ws) by extensions ['colcon_meta']
[2.173s] Level 1:colcon.colcon_core.package_identification:_identify(robotics_project_ws/src/camera_ws) by extension 'colcon_meta'
[2.174s] Level 1:colcon.colcon_core.package_identification:_identify(robotics_project_ws/src/camera_ws) by extensions ['ros']
[2.175s] Level 1:colcon.colcon_core.package_identification:_identify(robotics_project_ws/src/camera_ws) by extension 'ros'
[2.178s] DEBUG:colcon.colcon_core.package_identification:Package 'robotics_project_ws/src/camera_ws' with type 'ros.ament_cmake' and name 'camera_ws'
[2.183s] Level 1:colcon.colcon_core.package_identification:_identify(robotics_project_ws/src/complete_job_ws) by extensions ['ignore', 'ignore_ament_install']
[2.183s] Level 1:colcon.colcon_core.package_identification:_identify(robotics_project_ws/src/complete_job_ws) by extension 'ignore'
[2.186s] Level 1:colcon.colcon_core.package_identification:_identify(robotics_project_ws/src/complete_job_ws) by extension 'ignore_ament_install'
[2.199s] Level 1:colcon.colcon_core.package_identification:_identify(robotics_project_ws/src/complete_job_ws) by extensions ['colcon_pkg']
[2.203s] Level 1:colcon.colcon_core.package_identification:_identify(robotics_project_ws/src/complete_job_ws) by extension 'colcon_pkg'
[2.206s] Level 1:colcon.colcon_core.package_identification:_identify(robotics_project_ws/src/complete_job_ws) by extensions ['colcon_meta']
[2.209s] Level 1:colcon.colcon_core.package_identification:_identify(robotics_project_ws/src/complete_job_ws) by extension 'colcon_meta'
[2.210s] Level 1:colcon.colcon_core.package_identification:_identify(robotics_project_ws/src/complete_job_ws) by extensions ['ros']
[2.210s] Level 1:colcon.colcon_core.package_identification:_identify(robotics_project_ws/src/complete_job_ws) by extension 'ros'
[2.219s] DEBUG:colcon.colcon_core.package_identification:Package 'robotics_project_ws/src/complete_job_ws' with type 'ros.ament_cmake' and name 'complete_job_ws'
[2.221s] Level 1:colcon.colcon_core.package_identification:_identify(robotics_project_ws/src/gripper_ws) by extensions ['ignore', 'ignore_ament_install']
[2.223s] Level 1:colcon.colcon_core.package_identification:_identify(robotics_project_ws/src/gripper_ws) by extension 'ignore'
[2.223s] Level 1:colcon.colcon_core.package_identification:_identify(robotics_project_ws/src/gripper_ws) by extension 'ignore_ament_install'
[2.224s] Level 1:colcon.colcon_core.package_identification:_identify(robotics_project_ws/src/gripper_ws) by extensions ['colcon_pkg']
[2.224s] Level 1:colcon.colcon_core.package_identification:_identify(robotics_project_ws/src/gripper_ws) by extension 'colcon_pkg'
[2.225s] Level 1:colcon.colcon_core.package_identification:_identify(robotics_project_ws/src/gripper_ws) by extensions ['colcon_meta']
[2.225s] Level 1:colcon.colcon_core.package_identification:_identify(robotics_project_ws/src/gripper_ws) by extension 'colcon_meta'
[2.225s] Level 1:colcon.colcon_core.package_identification:_identify(robotics_project_ws/src/gripper_ws) by extensions ['ros']
[2.225s] Level 1:colcon.colcon_core.package_identification:_identify(robotics_project_ws/src/gripper_ws) by extension 'ros'
[2.229s] DEBUG:colcon.colcon_core.package_identification:Package 'robotics_project_ws/src/gripper_ws' with type 'ros.ament_cmake' and name 'gripper_ws'
[2.238s] Level 1:colcon.colcon_core.package_identification:_identify(robotics_project_ws/src/move_ws) by extensions ['ignore', 'ignore_ament_install']
[2.238s] Level 1:colcon.colcon_core.package_identification:_identify(robotics_project_ws/src/move_ws) by extension 'ignore'
[2.240s] Level 1:colcon.colcon_core.package_identification:_identify(robotics_project_ws/src/move_ws) by extension 'ignore_ament_install'
[2.242s] Level 1:colcon.colcon_core.package_identification:_identify(robotics_project_ws/src/move_ws) by extensions ['colcon_pkg']
[2.242s] Level 1:colcon.colcon_core.package_identification:_identify(robotics_project_ws/src/move_ws) by extension 'colcon_pkg'
[2.243s] Level 1:colcon.colcon_core.package_identification:_identify(robotics_project_ws/src/move_ws) by extensions ['colcon_meta']
[2.244s] Level 1:colcon.colcon_core.package_identification:_identify(robotics_project_ws/src/move_ws) by extension 'colcon_meta'
[2.244s] Level 1:colcon.colcon_core.package_identification:_identify(robotics_project_ws/src/move_ws) by extensions ['ros']
[2.244s] Level 1:colcon.colcon_core.package_identification:_identify(robotics_project_ws/src/move_ws) by extension 'ros'
[2.250s] DEBUG:colcon.colcon_core.package_identification:Package 'robotics_project_ws/src/move_ws' with type 'ros.ament_cmake' and name 'move_ws'
[2.252s] Level 1:colcon.colcon_core.package_identification:_identify(robotics_project_ws/src/vision_ws) by extensions ['ignore', 'ignore_ament_install']
[2.252s] Level 1:colcon.colcon_core.package_identification:_identify(robotics_project_ws/src/vision_ws) by extension 'ignore'
[2.253s] Level 1:colcon.colcon_core.package_identification:_identify(robotics_project_ws/src/vision_ws) by extension 'ignore_ament_install'
[2.253s] Level 1:colcon.colcon_core.package_identification:_identify(robotics_project_ws/src/vision_ws) by extensions ['colcon_pkg']
[2.254s] Level 1:colcon.colcon_core.package_identification:_identify(robotics_project_ws/src/vision_ws) by extension 'colcon_pkg'
[2.254s] Level 1:colcon.colcon_core.package_identification:_identify(robotics_project_ws/src/vision_ws) by extensions ['colcon_meta']
[2.254s] Level 1:colcon.colcon_core.package_identification:_identify(robotics_project_ws/src/vision_ws) by extension 'colcon_meta'
[2.255s] Level 1:colcon.colcon_core.package_identification:_identify(robotics_project_ws/src/vision_ws) by extensions ['ros']
[2.256s] Level 1:colcon.colcon_core.package_identification:_identify(robotics_project_ws/src/vision_ws) by extension 'ros'
[2.260s] Level 1:colcon.colcon_core.package_identification:_identify(robotics_project_ws/src/vision_ws) by extensions ['cmake', 'python']
[2.260s] Level 1:colcon.colcon_core.package_identification:_identify(robotics_project_ws/src/vision_ws) by extension 'cmake'
[2.311s] Level 1:colcon.colcon_core.package_identification:_identify(robotics_project_ws/src/vision_ws) by extension 'python'
[2.312s] DEBUG:colcon.colcon_core.package_identification:Package 'robotics_project_ws/src/vision_ws' with type 'cmake' and name 'vision_ws'
[2.314s] Level 1:colcon.colcon_core.package_identification:_identify(ros2_ur5_interface) by extensions ['ignore', 'ignore_ament_install']
[2.314s] Level 1:colcon.colcon_core.package_identification:_identify(ros2_ur5_interface) by extension 'ignore'
[2.316s] Level 1:colcon.colcon_core.package_identification:_identify(ros2_ur5_interface) by extension 'ignore_ament_install'
[2.317s] Level 1:colcon.colcon_core.package_identification:_identify(ros2_ur5_interface) by extensions ['colcon_pkg']
[2.317s] Level 1:colcon.colcon_core.package_identification:_identify(ros2_ur5_interface) by extension 'colcon_pkg'
[2.317s] Level 1:colcon.colcon_core.package_identification:_identify(ros2_ur5_interface) by extensions ['colcon_meta']
[2.318s] Level 1:colcon.colcon_core.package_identification:_identify(ros2_ur5_interface) by extension 'colcon_meta'
[2.319s] Level 1:colcon.colcon_core.package_identification:_identify(ros2_ur5_interface) by extensions ['ros']
[2.320s] Level 1:colcon.colcon_core.package_identification:_identify(ros2_ur5_interface) by extension 'ros'
[2.367s] DEBUG:colcon.colcon_core.package_identification:Package 'ros2_ur5_interface' with type 'ros.ament_cmake' and name 'ros2_ur5_interface'
[2.370s] Level 1:colcon.colcon_core.package_discovery:discover_packages(recursive) using defaults
[2.376s] Level 1:colcon.colcon_core.package_discovery:discover_packages(ignore) discover
[2.380s] Level 1:colcon.colcon_core.package_discovery:discover_packages(ignore) using defaults
[2.381s] Level 1:colcon.colcon_core.package_discovery:discover_packages(path) discover
[2.381s] Level 1:colcon.colcon_core.package_discovery:discover_packages(path) using defaults
