-- The C compiler identification is GNU 13.2.0
-- The CXX compiler identification is GNU 13.2.0
-- Detecting C compiler ABI info
-- Detecting C compiler ABI info - done
-- Check for working C compiler: /usr/bin/cc - skipped
-- Detecting C compile features
-- Detecting C compile features - done
-- Detecting CXX compiler ABI info
-- Detecting CXX compiler ABI info - done
-- Check for working CXX compiler: /usr/bin/c++ - skipped
-- Detecting CXX compile features
-- Detecting CXX compile features - done
-- Found ament_cmake: 2.5.2 (/opt/ros/jazzy/share/ament_cmake/cmake)
-- Found Python3: /usr/bin/python3 (found version "3.12.3") found components: Interpreter 
-- Found rclcpp: 28.1.5 (/opt/ros/jazzy/share/rclcpp/cmake)
-- Found rosidl_generator_c: 4.6.4 (/opt/ros/jazzy/share/rosidl_generator_c/cmake)
-- Found rosidl_generator_cpp: 4.6.4 (/opt/ros/jazzy/share/rosidl_generator_cpp/cmake)
-- Using all available rosidl_typesupport_c: rosidl_typesupport_fastrtps_c;rosidl_typesupport_introspection_c
-- Using all available rosidl_typesupport_cpp: rosidl_typesupport_fastrtps_cpp;rosidl_typesupport_introspection_cpp
-- Found rmw_implementation_cmake: 7.3.1 (/opt/ros/jazzy/share/rmw_implementation_cmake/cmake)
-- Found rmw_fastrtps_cpp: 8.4.1 (/opt/ros/jazzy/share/rmw_fastrtps_cpp/cmake)
-- Found OpenSSL: /usr/lib/aarch64-linux-gnu/libcrypto.so (found version "3.0.13")  
-- Found FastRTPS: /opt/ros/jazzy/include (Required is at least version "2.13") 
-- Using RMW implementation 'rmw_fastrtps_cpp' as default
-- Found trajectory_msgs: 5.3.5 (/opt/ros/jazzy/share/trajectory_msgs/cmake)
-- Found sensor_msgs: 5.3.5 (/opt/ros/jazzy/share/sensor_msgs/cmake)
-- Found control_msgs: 5.3.0 (/opt/ros/jazzy/share/control_msgs/cmake)
-- Found rclcpp_action: 28.1.5 (/opt/ros/jazzy/share/rclcpp_action/cmake)
-- Found rosidl_default_generators: 1.6.0 (/opt/ros/jazzy/share/rosidl_default_generators/cmake)
-- Found rosidl_adapter: 4.6.4 (/opt/ros/jazzy/share/rosidl_adapter/cmake)
-- Found ament_cmake_ros: 0.12.0 (/opt/ros/jazzy/share/ament_cmake_ros/cmake)
-- Using all available rosidl_typesupport_c: rosidl_typesupport_fastrtps_c;rosidl_typesupport_introspection_c
-- Using all available rosidl_typesupport_cpp: rosidl_typesupport_fastrtps_cpp;rosidl_typesupport_introspection_cpp
-- Found python_cmake_module: 0.11.1 (/opt/ros/jazzy/share/python_cmake_module/cmake)
-- Found PythonExtra: /usr/bin/python3  
-- Found Python3: /usr/bin/python3 (found version "3.12.3") found components: Interpreter Development NumPy Development.Module Development.Embed 
-- Configuring done (26.8s)
-- Generating done (2.9s)
-- Build files have been written to: /home/ubuntu/ros2_ws/src/Manipulator_UR5_Project/build/move_ws
[  2%] [34m[1mGenerating type hashes for ROS interfaces[0m
[  2%] Built target move_ws__rosidl_generator_type_description
[  2%] Built target ament_cmake_python_copy_move_ws
[  4%] [34m[1mGenerating C code for ROS interfaces[0m
[  6%] [32mBuilding C object CMakeFiles/move_ws__rosidl_generator_c.dir/rosidl_generator_c/move_ws/srv/detail/moving__description.c.o[0m
[  8%] [32mBuilding C object CMakeFiles/move_ws__rosidl_generator_c.dir/rosidl_generator_c/move_ws/msg/detail/vector3d__type_support.c.o[0m
[ 10%] [32mBuilding C object CMakeFiles/move_ws__rosidl_generator_c.dir/rosidl_generator_c/move_ws/msg/detail/vector3d__functions.c.o[0m
[ 12%] [32mBuilding C object CMakeFiles/move_ws__rosidl_generator_c.dir/rosidl_generator_c/move_ws/msg/detail/vector3d__description.c.o[0m
[ 14%] [32mBuilding C object CMakeFiles/move_ws__rosidl_generator_c.dir/rosidl_generator_c/move_ws/srv/detail/moving__type_support.c.o[0m
[ 16%] [32mBuilding C object CMakeFiles/move_ws__rosidl_generator_c.dir/rosidl_generator_c/move_ws/srv/detail/moving__functions.c.o[0m
[ 18%] [32m[1mLinking C shared library libmove_ws__rosidl_generator_c.so[0m
[ 18%] Built target move_ws__rosidl_generator_c
running egg_info
creating move_ws.egg-info
writing move_ws.egg-info/PKG-INFO
writing dependency_links to move_ws.egg-info/dependency_links.txt
writing top-level names to move_ws.egg-info/top_level.txt
writing manifest file 'move_ws.egg-info/SOURCES.txt'
reading manifest file 'move_ws.egg-info/SOURCES.txt'
writing manifest file 'move_ws.egg-info/SOURCES.txt'
[ 18%] Built target ament_cmake_python_build_move_ws_egg
[ 20%] [34m[1mGenerating C type support dispatch for ROS interfaces[0m
[ 22%] [32mBuilding CXX object CMakeFiles/move_ws__rosidl_typesupport_c.dir/rosidl_typesupport_c/move_ws/srv/moving__type_support.cpp.o[0m
[ 25%] [32mBuilding CXX object CMakeFiles/move_ws__rosidl_typesupport_c.dir/rosidl_typesupport_c/move_ws/msg/vector3d__type_support.cpp.o[0m
[ 27%] [32m[1mLinking CXX shared library libmove_ws__rosidl_typesupport_c.so[0m
[ 27%] Built target move_ws__rosidl_typesupport_c
[ 29%] [34m[1mGenerating C introspection for ROS interfaces[0m
[ 31%] [32mBuilding C object CMakeFiles/move_ws__rosidl_typesupport_introspection_c.dir/rosidl_typesupport_introspection_c/move_ws/srv/detail/moving__type_support.c.o[0m
[ 33%] [32mBuilding C object CMakeFiles/move_ws__rosidl_typesupport_introspection_c.dir/rosidl_typesupport_introspection_c/move_ws/msg/detail/vector3d__type_support.c.o[0m
[ 35%] [32m[1mLinking C shared library libmove_ws__rosidl_typesupport_introspection_c.so[0m
[ 35%] Built target move_ws__rosidl_typesupport_introspection_c
[ 37%] [34m[1mGenerating C type support for eProsima Fast-RTPS[0m
[ 39%] [32mBuilding CXX object CMakeFiles/move_ws__rosidl_typesupport_fastrtps_c.dir/rosidl_typesupport_fastrtps_c/move_ws/srv/detail/moving__type_support_c.cpp.o[0m
[ 41%] [32mBuilding CXX object CMakeFiles/move_ws__rosidl_typesupport_fastrtps_c.dir/rosidl_typesupport_fastrtps_c/move_ws/msg/detail/vector3d__type_support_c.cpp.o[0m
[ 43%] [32m[1mLinking CXX shared library libmove_ws__rosidl_typesupport_fastrtps_c.so[0m
[ 43%] Built target move_ws__rosidl_typesupport_fastrtps_c
[ 45%] [34m[1mGenerating C++ code for ROS interfaces[0m
[ 45%] Built target move_ws__cpp
[ 47%] [34m[1mGenerating C++ type support dispatch for ROS interfaces[0m
[ 50%] [32mBuilding CXX object CMakeFiles/move_ws__rosidl_typesupport_cpp.dir/rosidl_typesupport_cpp/move_ws/srv/moving__type_support.cpp.o[0m
[ 52%] [32mBuilding CXX object CMakeFiles/move_ws__rosidl_typesupport_cpp.dir/rosidl_typesupport_cpp/move_ws/msg/vector3d__type_support.cpp.o[0m
[ 54%] [32m[1mLinking CXX shared library libmove_ws__rosidl_typesupport_cpp.so[0m
[ 54%] Built target move_ws__rosidl_typesupport_cpp
[ 56%] [34m[1mGenerating C++ introspection for ROS interfaces[0m
[ 58%] [32mBuilding CXX object CMakeFiles/move_ws__rosidl_typesupport_introspection_cpp.dir/rosidl_typesupport_introspection_cpp/move_ws/srv/detail/moving__type_support.cpp.o[0m
[ 60%] [32mBuilding CXX object CMakeFiles/move_ws__rosidl_typesupport_introspection_cpp.dir/rosidl_typesupport_introspection_cpp/move_ws/msg/detail/vector3d__type_support.cpp.o[0m
[ 62%] [32m[1mLinking CXX shared library libmove_ws__rosidl_typesupport_introspection_cpp.so[0m
[ 62%] Built target move_ws__rosidl_typesupport_introspection_cpp
[ 64%] [32mBuilding CXX object CMakeFiles/service_moving.dir/src/path.cpp.o[0m
[ 66%] [32mBuilding CXX object CMakeFiles/service_moving.dir/src/kin_communication.cpp.o[0m
