[0.331s] Invoking command in '/home/ubuntu/ros2_ws/src/Manipulator_UR5_Project/build/move_ws': CMAKE_PREFIX_PATH=${CMAKE_PREFIX_PATH}:/opt/ros/jazzy /usr/bin/cmake /home/ubuntu/ros2_ws/src/Manipulator_UR5_Project/robotics_project_ws/src/move_ws -DCMAKE_INSTALL_PREFIX=/home/ubuntu/ros2_ws/src/Manipulator_UR5_Project/install/move_ws
[2.174s] -- The C compiler identification is GNU 13.2.0
[3.528s] -- The CXX compiler identification is GNU 13.2.0
[3.856s] -- Detecting C compiler ABI info
[5.848s] -- Detecting C compiler ABI info - done
[6.061s] -- Check for working C compiler: /usr/bin/cc - skipped
[6.067s] -- Detecting C compile features
[6.076s] -- Detecting C compile features - done
[6.188s] -- Detecting CXX compiler ABI info
[8.080s] -- Detecting CXX compiler ABI info - done
[8.243s] -- Check for working CXX compiler: /usr/bin/c++ - skipped
[8.250s] -- Detecting CXX compile features
[8.259s] -- Detecting CXX compile features - done
[8.491s] -- Found ament_cmake: 2.5.2 (/opt/ros/jazzy/share/ament_cmake/cmake)
[9.294s] -- Found Python3: /usr/bin/python3 (found version "3.12.3") found components: Interpreter 
[10.334s] -- Found rclcpp: 28.1.5 (/opt/ros/jazzy/share/rclcpp/cmake)
[10.618s] -- Found rosidl_generator_c: 4.6.4 (/opt/ros/jazzy/share/rosidl_generator_c/cmake)
[10.718s] -- Found rosidl_generator_cpp: 4.6.4 (/opt/ros/jazzy/share/rosidl_generator_cpp/cmake)
[10.820s] -- Using all available rosidl_typesupport_c: rosidl_typesupport_fastrtps_c;rosidl_typesupport_introspection_c
[10.975s] -- Using all available rosidl_typesupport_cpp: rosidl_typesupport_fastrtps_cpp;rosidl_typesupport_introspection_cpp
[11.427s] -- Found rmw_implementation_cmake: 7.3.1 (/opt/ros/jazzy/share/rmw_implementation_cmake/cmake)
[11.450s] -- Found rmw_fastrtps_cpp: 8.4.1 (/opt/ros/jazzy/share/rmw_fastrtps_cpp/cmake)
[11.959s] -- Found OpenSSL: /usr/lib/aarch64-linux-gnu/libcrypto.so (found version "3.0.13")  
[12.066s] -- Found FastRTPS: /opt/ros/jazzy/include (Required is at least version "2.13") 
[12.159s] -- Using RMW implementation 'rmw_fastrtps_cpp' as default
[12.693s] -- Found trajectory_msgs: 5.3.5 (/opt/ros/jazzy/share/trajectory_msgs/cmake)
[13.025s] -- Found sensor_msgs: 5.3.5 (/opt/ros/jazzy/share/sensor_msgs/cmake)
[13.220s] -- Found control_msgs: 5.3.0 (/opt/ros/jazzy/share/control_msgs/cmake)
[13.516s] -- Found rclcpp_action: 28.1.5 (/opt/ros/jazzy/share/rclcpp_action/cmake)
[13.592s] -- Found rosidl_default_generators: 1.6.0 (/opt/ros/jazzy/share/rosidl_default_generators/cmake)
[13.676s] -- Found rosidl_adapter: 4.6.4 (/opt/ros/jazzy/share/rosidl_adapter/cmake)
[17.645s] -- Found ament_cmake_ros: 0.12.0 (/opt/ros/jazzy/share/ament_cmake_ros/cmake)
[22.955s] -- Using all available rosidl_typesupport_c: rosidl_typesupport_fastrtps_c;rosidl_typesupport_introspection_c
[24.218s] -- Using all available rosidl_typesupport_cpp: rosidl_typesupport_fastrtps_cpp;rosidl_typesupport_introspection_cpp
[24.259s] -- Found python_cmake_module: 0.11.1 (/opt/ros/jazzy/share/python_cmake_module/cmake)
[24.786s] -- Found PythonExtra: /usr/bin/python3  
[26.657s] -- Found Python3: /usr/bin/python3 (found version "3.12.3") found components: Interpreter Development NumPy Development.Module Development.Embed 
[27.278s] -- Configuring done (26.8s)
[30.459s] -- Generating done (2.9s)
[31.135s] -- Build files have been written to: /home/ubuntu/ros2_ws/src/Manipulator_UR5_Project/build/move_ws
[31.475s] Invoked command in '/home/ubuntu/ros2_ws/src/Manipulator_UR5_Project/build/move_ws' returned '0': CMAKE_PREFIX_PATH=${CMAKE_PREFIX_PATH}:/opt/ros/jazzy /usr/bin/cmake /home/ubuntu/ros2_ws/src/Manipulator_UR5_Project/robotics_project_ws/src/move_ws -DCMAKE_INSTALL_PREFIX=/home/ubuntu/ros2_ws/src/Manipulator_UR5_Project/install/move_ws
[31.503s] Invoking command in '/home/ubuntu/ros2_ws/src/Manipulator_UR5_Project/build/move_ws': CMAKE_PREFIX_PATH=${CMAKE_PREFIX_PATH}:/opt/ros/jazzy /usr/bin/cmake --build /home/ubuntu/ros2_ws/src/Manipulator_UR5_Project/build/move_ws -- -j8 -l8
[32.583s] [  2%] [34m[1mGenerating type hashes for ROS interfaces[0m
[33.984s] [  2%] Built target move_ws__rosidl_generator_type_description
[34.398s] [  2%] Built target ament_cmake_python_copy_move_ws
[34.495s] [  4%] [34m[1mGenerating C code for ROS interfaces[0m
[38.172s] [  6%] [32mBuilding C object CMakeFiles/move_ws__rosidl_generator_c.dir/rosidl_generator_c/move_ws/srv/detail/moving__description.c.o[0m
[38.688s] [  8%] [32mBuilding C object CMakeFiles/move_ws__rosidl_generator_c.dir/rosidl_generator_c/move_ws/msg/detail/vector3d__type_support.c.o[0m
[39.115s] [ 10%] [32mBuilding C object CMakeFiles/move_ws__rosidl_generator_c.dir/rosidl_generator_c/move_ws/msg/detail/vector3d__functions.c.o[0m
[39.393s] [ 12%] [32mBuilding C object CMakeFiles/move_ws__rosidl_generator_c.dir/rosidl_generator_c/move_ws/msg/detail/vector3d__description.c.o[0m
[39.648s] [ 14%] [32mBuilding C object CMakeFiles/move_ws__rosidl_generator_c.dir/rosidl_generator_c/move_ws/srv/detail/moving__type_support.c.o[0m
[40.092s] [ 16%] [32mBuilding C object CMakeFiles/move_ws__rosidl_generator_c.dir/rosidl_generator_c/move_ws/srv/detail/moving__functions.c.o[0m
[40.825s] [ 18%] [32m[1mLinking C shared library libmove_ws__rosidl_generator_c.so[0m
[41.239s] [ 18%] Built target move_ws__rosidl_generator_c
[42.140s] running egg_info
[42.144s] creating move_ws.egg-info
[42.203s] writing move_ws.egg-info/PKG-INFO
[42.207s] writing dependency_links to move_ws.egg-info/dependency_links.txt
[42.212s] writing top-level names to move_ws.egg-info/top_level.txt
[42.214s] writing manifest file 'move_ws.egg-info/SOURCES.txt'
[42.412s] reading manifest file 'move_ws.egg-info/SOURCES.txt'
[42.467s] writing manifest file 'move_ws.egg-info/SOURCES.txt'
[42.741s] [ 18%] Built target ament_cmake_python_build_move_ws_egg
[42.947s] [ 20%] [34m[1mGenerating C type support dispatch for ROS interfaces[0m
[44.297s] [ 22%] [32mBuilding CXX object CMakeFiles/move_ws__rosidl_typesupport_c.dir/rosidl_typesupport_c/move_ws/srv/moving__type_support.cpp.o[0m
[44.776s] [ 25%] [32mBuilding CXX object CMakeFiles/move_ws__rosidl_typesupport_c.dir/rosidl_typesupport_c/move_ws/msg/vector3d__type_support.cpp.o[0m
[45.106s] [ 27%] [32m[1mLinking CXX shared library libmove_ws__rosidl_typesupport_c.so[0m
[45.274s] [ 27%] Built target move_ws__rosidl_typesupport_c
[45.327s] [ 29%] [34m[1mGenerating C introspection for ROS interfaces[0m
[47.085s] [ 31%] [32mBuilding C object CMakeFiles/move_ws__rosidl_typesupport_introspection_c.dir/rosidl_typesupport_introspection_c/move_ws/srv/detail/moving__type_support.c.o[0m
[48.180s] [ 33%] [32mBuilding C object CMakeFiles/move_ws__rosidl_typesupport_introspection_c.dir/rosidl_typesupport_introspection_c/move_ws/msg/detail/vector3d__type_support.c.o[0m
[48.743s] [ 35%] [32m[1mLinking C shared library libmove_ws__rosidl_typesupport_introspection_c.so[0m
[49.117s] [ 35%] Built target move_ws__rosidl_typesupport_introspection_c
[49.358s] [ 37%] [34m[1mGenerating C type support for eProsima Fast-RTPS[0m
[51.873s] [ 39%] [32mBuilding CXX object CMakeFiles/move_ws__rosidl_typesupport_fastrtps_c.dir/rosidl_typesupport_fastrtps_c/move_ws/srv/detail/moving__type_support_c.cpp.o[0m
[56.467s] [ 41%] [32mBuilding CXX object CMakeFiles/move_ws__rosidl_typesupport_fastrtps_c.dir/rosidl_typesupport_fastrtps_c/move_ws/msg/detail/vector3d__type_support_c.cpp.o[0m
[60.400s] [ 43%] [32m[1mLinking CXX shared library libmove_ws__rosidl_typesupport_fastrtps_c.so[0m
[61.640s] [ 43%] Built target move_ws__rosidl_typesupport_fastrtps_c
[61.797s] [ 45%] [34m[1mGenerating C++ code for ROS interfaces[0m
[65.112s] [ 45%] Built target move_ws__cpp
[65.294s] [ 47%] [34m[1mGenerating C++ type support dispatch for ROS interfaces[0m
[67.852s] [ 50%] [32mBuilding CXX object CMakeFiles/move_ws__rosidl_typesupport_cpp.dir/rosidl_typesupport_cpp/move_ws/srv/moving__type_support.cpp.o[0m
[74.027s] [ 52%] [32mBuilding CXX object CMakeFiles/move_ws__rosidl_typesupport_cpp.dir/rosidl_typesupport_cpp/move_ws/msg/vector3d__type_support.cpp.o[0m
[76.225s] [ 54%] [32m[1mLinking CXX shared library libmove_ws__rosidl_typesupport_cpp.so[0m
[76.919s] [ 54%] Built target move_ws__rosidl_typesupport_cpp
[77.181s] [ 56%] [34m[1mGenerating C++ introspection for ROS interfaces[0m
[79.153s] [ 58%] [32mBuilding CXX object CMakeFiles/move_ws__rosidl_typesupport_introspection_cpp.dir/rosidl_typesupport_introspection_cpp/move_ws/srv/detail/moving__type_support.cpp.o[0m
[82.049s] [ 60%] [32mBuilding CXX object CMakeFiles/move_ws__rosidl_typesupport_introspection_cpp.dir/rosidl_typesupport_introspection_cpp/move_ws/msg/detail/vector3d__type_support.cpp.o[0m
[84.992s] [ 62%] [32m[1mLinking CXX shared library libmove_ws__rosidl_typesupport_introspection_cpp.so[0m
[85.414s] [ 62%] Built target move_ws__rosidl_typesupport_introspection_cpp
[85.610s] [ 64%] [32mBuilding CXX object CMakeFiles/service_moving.dir/src/path.cpp.o[0m
[131.383s] [ 66%] [32mBuilding CXX object CMakeFiles/service_moving.dir/src/kin_communication.cpp.o[0m
