-- The C compiler identification is GNU 13.2.0
-- The CXX compiler identification is GNU 13.2.0
-- Detecting C compiler ABI info
-- Detecting C compiler ABI info - done
-- Check for working C compiler: /usr/bin/cc - skipped
-- Detecting C compile features
-- Detecting C compile features - done
-- Detecting CXX compiler ABI info
-- Detecting CXX compiler ABI info - done
-- Check for working CXX compiler: /usr/bin/c++ - skipped
-- Detecting CXX compile features
-- Detecting CXX compile features - done
-- Found ament_cmake: 2.5.2 (/opt/ros/jazzy/share/ament_cmake/cmake)
-- Found Python3: /usr/bin/python3 (found version "3.12.3") found components: Interpreter 
-- Found rclcpp: 28.1.5 (/opt/ros/jazzy/share/rclcpp/cmake)
-- Found rosidl_generator_c: 4.6.4 (/opt/ros/jazzy/share/rosidl_generator_c/cmake)
-- Found rosidl_generator_cpp: 4.6.4 (/opt/ros/jazzy/share/rosidl_generator_cpp/cmake)
-- Using all available rosidl_typesupport_c: rosidl_typesupport_fastrtps_c;rosidl_typesupport_introspection_c
-- Using all available rosidl_typesupport_cpp: rosidl_typesupport_fastrtps_cpp;rosidl_typesupport_introspection_cpp
-- Found rmw_implementation_cmake: 7.3.1 (/opt/ros/jazzy/share/rmw_implementation_cmake/cmake)
-- Found rmw_fastrtps_cpp: 8.4.1 (/opt/ros/jazzy/share/rmw_fastrtps_cpp/cmake)
-- Found OpenSSL: /usr/lib/aarch64-linux-gnu/libcrypto.so (found version "3.0.13")  
-- Found FastRTPS: /opt/ros/jazzy/include (Required is at least version "2.13") 
-- Using RMW implementation 'rmw_fastrtps_cpp' as default
-- Found trajectory_msgs: 5.3.5 (/opt/ros/jazzy/share/trajectory_msgs/cmake)
-- Found sensor_msgs: 5.3.5 (/opt/ros/jazzy/share/sensor_msgs/cmake)
-- Found control_msgs: 5.3.0 (/opt/ros/jazzy/share/control_msgs/cmake)
-- Found rclcpp_action: 28.1.5 (/opt/ros/jazzy/share/rclcpp_action/cmake)
-- Found rosidl_default_generators: 1.6.0 (/opt/ros/jazzy/share/rosidl_default_generators/cmake)
-- Found rosidl_adapter: 4.6.4 (/opt/ros/jazzy/share/rosidl_adapter/cmake)
-- Found ament_cmake_ros: 0.12.0 (/opt/ros/jazzy/share/ament_cmake_ros/cmake)
-- Using all available rosidl_typesupport_c: rosidl_typesupport_fastrtps_c;rosidl_typesupport_introspection_c
-- Using all available rosidl_typesupport_cpp: rosidl_typesupport_fastrtps_cpp;rosidl_typesupport_introspection_cpp
-- Found python_cmake_module: 0.11.1 (/opt/ros/jazzy/share/python_cmake_module/cmake)
-- Found PythonExtra: /usr/bin/python3  
-- Found Python3: /usr/bin/python3 (found version "3.12.3") found components: Interpreter Development NumPy Development.Module Development.Embed 
-- Configuring done (24.4s)
-- Generating done (2.3s)
-- Build files have been written to: /home/ubuntu/ros2_ws/src/Manipulator_UR5_Project/build/move_ws
[  2%] [34m[1mGenerating type hashes for ROS interfaces[0m
[  2%] Built target move_ws__rosidl_generator_type_description
[  2%] Built target ament_cmake_python_copy_move_ws
[  4%] [34m[1mGenerating C code for ROS interfaces[0m
[  6%] [32mBuilding C object CMakeFiles/move_ws__rosidl_generator_c.dir/rosidl_generator_c/move_ws/srv/detail/moving__description.c.o[0m
[  8%] [32mBuilding C object CMakeFiles/move_ws__rosidl_generator_c.dir/rosidl_generator_c/move_ws/msg/detail/vector3d__type_support.c.o[0m
[ 10%] [32mBuilding C object CMakeFiles/move_ws__rosidl_generator_c.dir/rosidl_generator_c/move_ws/msg/detail/vector3d__functions.c.o[0m
[ 12%] [32mBuilding C object CMakeFiles/move_ws__rosidl_generator_c.dir/rosidl_generator_c/move_ws/msg/detail/vector3d__description.c.o[0m
[ 14%] [32mBuilding C object CMakeFiles/move_ws__rosidl_generator_c.dir/rosidl_generator_c/move_ws/srv/detail/moving__type_support.c.o[0m
[ 16%] [32mBuilding C object CMakeFiles/move_ws__rosidl_generator_c.dir/rosidl_generator_c/move_ws/srv/detail/moving__functions.c.o[0m
[ 18%] [32m[1mLinking C shared library libmove_ws__rosidl_generator_c.so[0m
[ 18%] Built target move_ws__rosidl_generator_c
running egg_info
creating move_ws.egg-info
writing move_ws.egg-info/PKG-INFO
writing dependency_links to move_ws.egg-info/dependency_links.txt
writing top-level names to move_ws.egg-info/top_level.txt
writing manifest file 'move_ws.egg-info/SOURCES.txt'
reading manifest file 'move_ws.egg-info/SOURCES.txt'
writing manifest file 'move_ws.egg-info/SOURCES.txt'
[ 18%] Built target ament_cmake_python_build_move_ws_egg
[ 20%] [34m[1mGenerating C type support dispatch for ROS interfaces[0m
[ 22%] [32mBuilding CXX object CMakeFiles/move_ws__rosidl_typesupport_c.dir/rosidl_typesupport_c/move_ws/srv/moving__type_support.cpp.o[0m
[ 25%] [32mBuilding CXX object CMakeFiles/move_ws__rosidl_typesupport_c.dir/rosidl_typesupport_c/move_ws/msg/vector3d__type_support.cpp.o[0m
[ 27%] [32m[1mLinking CXX shared library libmove_ws__rosidl_typesupport_c.so[0m
[ 27%] Built target move_ws__rosidl_typesupport_c
[ 29%] [34m[1mGenerating C introspection for ROS interfaces[0m
[ 31%] [32mBuilding C object CMakeFiles/move_ws__rosidl_typesupport_introspection_c.dir/rosidl_typesupport_introspection_c/move_ws/srv/detail/moving__type_support.c.o[0m
[ 33%] [32mBuilding C object CMakeFiles/move_ws__rosidl_typesupport_introspection_c.dir/rosidl_typesupport_introspection_c/move_ws/msg/detail/vector3d__type_support.c.o[0m
[ 35%] [32m[1mLinking C shared library libmove_ws__rosidl_typesupport_introspection_c.so[0m
[ 35%] Built target move_ws__rosidl_typesupport_introspection_c
[ 37%] [34m[1mGenerating C type support for eProsima Fast-RTPS[0m
[ 39%] [32mBuilding CXX object CMakeFiles/move_ws__rosidl_typesupport_fastrtps_c.dir/rosidl_typesupport_fastrtps_c/move_ws/srv/detail/moving__type_support_c.cpp.o[0m
[ 41%] [32mBuilding CXX object CMakeFiles/move_ws__rosidl_typesupport_fastrtps_c.dir/rosidl_typesupport_fastrtps_c/move_ws/msg/detail/vector3d__type_support_c.cpp.o[0m
[ 43%] [32m[1mLinking CXX shared library libmove_ws__rosidl_typesupport_fastrtps_c.so[0m
[ 43%] Built target move_ws__rosidl_typesupport_fastrtps_c
[ 45%] [34m[1mGenerating C++ code for ROS interfaces[0m
[ 45%] Built target move_ws__cpp
[ 47%] [34m[1mGenerating C++ type support dispatch for ROS interfaces[0m
[ 50%] [32mBuilding CXX object CMakeFiles/move_ws__rosidl_typesupport_cpp.dir/rosidl_typesupport_cpp/move_ws/srv/moving__type_support.cpp.o[0m
[ 52%] [32mBuilding CXX object CMakeFiles/move_ws__rosidl_typesupport_cpp.dir/rosidl_typesupport_cpp/move_ws/msg/vector3d__type_support.cpp.o[0m
[ 54%] [32m[1mLinking CXX shared library libmove_ws__rosidl_typesupport_cpp.so[0m
[ 54%] Built target move_ws__rosidl_typesupport_cpp
[ 56%] [34m[1mGenerating C++ introspection for ROS interfaces[0m
[ 58%] [32mBuilding CXX object CMakeFiles/move_ws__rosidl_typesupport_introspection_cpp.dir/rosidl_typesupport_introspection_cpp/move_ws/srv/detail/moving__type_support.cpp.o[0m
[ 60%] [32mBuilding CXX object CMakeFiles/move_ws__rosidl_typesupport_introspection_cpp.dir/rosidl_typesupport_introspection_cpp/move_ws/msg/detail/vector3d__type_support.cpp.o[0m
[ 62%] [32m[1mLinking CXX shared library libmove_ws__rosidl_typesupport_introspection_cpp.so[0m
[ 62%] Built target move_ws__rosidl_typesupport_introspection_cpp
[ 64%] [32mBuilding CXX object CMakeFiles/service_moving.dir/src/path.cpp.o[0m
[ 66%] [32mBuilding CXX object CMakeFiles/service_moving.dir/src/kin_communication.cpp.o[0m
[ 68%] [32mBuilding CXX object CMakeFiles/service_moving.dir/src/kinematics.cpp.o[0m
[ 70%] [32m[1mLinking CXX executable service_moving[0m
[ 70%] Built target service_moving
[ 72%] [34m[1mGenerating C++ type support for eProsima Fast-RTPS[0m
[ 75%] [32mBuilding CXX object CMakeFiles/move_ws__rosidl_typesupport_fastrtps_cpp.dir/rosidl_typesupport_fastrtps_cpp/move_ws/srv/detail/dds_fastrtps/moving__type_support.cpp.o[0m
[ 77%] [32mBuilding CXX object CMakeFiles/move_ws__rosidl_typesupport_fastrtps_cpp.dir/rosidl_typesupport_fastrtps_cpp/move_ws/msg/detail/dds_fastrtps/vector3d__type_support.cpp.o[0m
[ 79%] [32m[1mLinking CXX shared library libmove_ws__rosidl_typesupport_fastrtps_cpp.so[0m
[ 79%] Built target move_ws__rosidl_typesupport_fastrtps_cpp
[ 79%] Built target move_ws
[ 81%] [34m[1mGenerating Python code for ROS interfaces[0m
[ 81%] Built target move_ws__py
[ 83%] [32mBuilding C object CMakeFiles/move_ws__rosidl_generator_py.dir/rosidl_generator_py/move_ws/srv/_moving_s.c.o[0m
[ 85%] [32mBuilding C object CMakeFiles/move_ws__rosidl_generator_py.dir/rosidl_generator_py/move_ws/msg/_vector3d_s.c.o[0m
[ 87%] [32m[1mLinking C shared library libmove_ws__rosidl_generator_py.so[0m
[ 87%] Built target move_ws__rosidl_generator_py
[ 89%] [32mBuilding C object CMakeFiles/move_ws_s__rosidl_typesupport_fastrtps_c.dir/rosidl_generator_py/move_ws/_move_ws_s.ep.rosidl_typesupport_fastrtps_c.c.o[0m
[ 91%] [32m[1mLinking C shared module rosidl_generator_py/move_ws/move_ws_s__rosidl_typesupport_fastrtps_c.so[0m
[ 91%] Built target move_ws_s__rosidl_typesupport_fastrtps_c
[ 93%] [32mBuilding C object CMakeFiles/move_ws_s__rosidl_typesupport_c.dir/rosidl_generator_py/move_ws/_move_ws_s.ep.rosidl_typesupport_c.c.o[0m
[ 95%] [32m[1mLinking C shared module rosidl_generator_py/move_ws/move_ws_s__rosidl_typesupport_c.so[0m
[ 95%] Built target move_ws_s__rosidl_typesupport_c
[ 97%] [32mBuilding C object CMakeFiles/move_ws_s__rosidl_typesupport_introspection_c.dir/rosidl_generator_py/move_ws/_move_ws_s.ep.rosidl_typesupport_introspection_c.c.o[0m
[100%] [32m[1mLinking C shared module rosidl_generator_py/move_ws/move_ws_s__rosidl_typesupport_introspection_c.so[0m
[100%] Built target move_ws_s__rosidl_typesupport_introspection_c
-- Install configuration: ""
-- Installing: /home/ubuntu/ros2_ws/src/Manipulator_UR5_Project/install/move_ws/share/ament_index/resource_index/rosidl_interfaces/move_ws
-- Installing: /home/ubuntu/ros2_ws/src/Manipulator_UR5_Project/install/move_ws/share/move_ws/srv/Moving.json
-- Installing: /home/ubuntu/ros2_ws/src/Manipulator_UR5_Project/install/move_ws/share/move_ws/msg/Vector3d.json
-- Installing: /home/ubuntu/ros2_ws/src/Manipulator_UR5_Project/install/move_ws/include/move_ws/move_ws
-- Installing: /home/ubuntu/ros2_ws/src/Manipulator_UR5_Project/install/move_ws/include/move_ws/move_ws/msg
-- Installing: /home/ubuntu/ros2_ws/src/Manipulator_UR5_Project/install/move_ws/include/move_ws/move_ws/msg/rosidl_generator_c__visibility_control.h
-- Installing: /home/ubuntu/ros2_ws/src/Manipulator_UR5_Project/install/move_ws/include/move_ws/move_ws/msg/detail
-- Installing: /home/ubuntu/ros2_ws/src/Manipulator_UR5_Project/install/move_ws/include/move_ws/move_ws/msg/detail/vector3d__type_support.h
-- Installing: /home/ubuntu/ros2_ws/src/Manipulator_UR5_Project/install/move_ws/include/move_ws/move_ws/msg/detail/vector3d__functions.h
-- Installing: /home/ubuntu/ros2_ws/src/Manipulator_UR5_Project/install/move_ws/include/move_ws/move_ws/msg/detail/vector3d__struct.h
-- Installing: /home/ubuntu/ros2_ws/src/Manipulator_UR5_Project/install/move_ws/include/move_ws/move_ws/msg/detail/vector3d__type_support.c
-- Installing: /home/ubuntu/ros2_ws/src/Manipulator_UR5_Project/install/move_ws/include/move_ws/move_ws/msg/detail/vector3d__description.c
-- Installing: /home/ubuntu/ros2_ws/src/Manipulator_UR5_Project/install/move_ws/include/move_ws/move_ws/msg/detail/vector3d__functions.c
-- Installing: /home/ubuntu/ros2_ws/src/Manipulator_UR5_Project/install/move_ws/include/move_ws/move_ws/msg/vector3d.h
-- Installing: /home/ubuntu/ros2_ws/src/Manipulator_UR5_Project/install/move_ws/include/move_ws/move_ws/srv
-- Installing: /home/ubuntu/ros2_ws/src/Manipulator_UR5_Project/install/move_ws/include/move_ws/move_ws/srv/moving.h
-- Installing: /home/ubuntu/ros2_ws/src/Manipulator_UR5_Project/install/move_ws/include/move_ws/move_ws/srv/detail
-- Installing: /home/ubuntu/ros2_ws/src/Manipulator_UR5_Project/install/move_ws/include/move_ws/move_ws/srv/detail/moving__functions.c
-- Installing: /home/ubuntu/ros2_ws/src/Manipulator_UR5_Project/install/move_ws/include/move_ws/move_ws/srv/detail/moving__type_support.h
-- Installing: /home/ubuntu/ros2_ws/src/Manipulator_UR5_Project/install/move_ws/include/move_ws/move_ws/srv/detail/moving__functions.h
-- Installing: /home/ubuntu/ros2_ws/src/Manipulator_UR5_Project/install/move_ws/include/move_ws/move_ws/srv/detail/moving__description.c
-- Installing: /home/ubuntu/ros2_ws/src/Manipulator_UR5_Project/install/move_ws/include/move_ws/move_ws/srv/detail/moving__struct.h
-- Installing: /home/ubuntu/ros2_ws/src/Manipulator_UR5_Project/install/move_ws/include/move_ws/move_ws/srv/detail/moving__type_support.c
-- Installing: /home/ubuntu/ros2_ws/src/Manipulator_UR5_Project/install/move_ws/share/move_ws/environment/library_path.sh
-- Installing: /home/ubuntu/ros2_ws/src/Manipulator_UR5_Project/install/move_ws/share/move_ws/environment/library_path.dsv
-- Installing: /home/ubuntu/ros2_ws/src/Manipulator_UR5_Project/install/move_ws/lib/libmove_ws__rosidl_generator_c.so
-- Set non-toolchain portion of runtime path of "/home/ubuntu/ros2_ws/src/Manipulator_UR5_Project/install/move_ws/lib/libmove_ws__rosidl_generator_c.so" to ""
-- Up-to-date: /home/ubuntu/ros2_ws/src/Manipulator_UR5_Project/install/move_ws/include/move_ws/move_ws
-- Up-to-date: /home/ubuntu/ros2_ws/src/Manipulator_UR5_Project/install/move_ws/include/move_ws/move_ws/msg
-- Up-to-date: /home/ubuntu/ros2_ws/src/Manipulator_UR5_Project/install/move_ws/include/move_ws/move_ws/msg/detail
-- Installing: /home/ubuntu/ros2_ws/src/Manipulator_UR5_Project/install/move_ws/include/move_ws/move_ws/msg/detail/vector3d__rosidl_typesupport_fastrtps_c.h
-- Installing: /home/ubuntu/ros2_ws/src/Manipulator_UR5_Project/install/move_ws/include/move_ws/move_ws/msg/rosidl_typesupport_fastrtps_c__visibility_control.h
-- Up-to-date: /home/ubuntu/ros2_ws/src/Manipulator_UR5_Project/install/move_ws/include/move_ws/move_ws/srv
-- Up-to-date: /home/ubuntu/ros2_ws/src/Manipulator_UR5_Project/install/move_ws/include/move_ws/move_ws/srv/detail
-- Installing: /home/ubuntu/ros2_ws/src/Manipulator_UR5_Project/install/move_ws/include/move_ws/move_ws/srv/detail/moving__rosidl_typesupport_fastrtps_c.h
-- Installing: /home/ubuntu/ros2_ws/src/Manipulator_UR5_Project/install/move_ws/lib/libmove_ws__rosidl_typesupport_fastrtps_c.so
-- Set non-toolchain portion of runtime path of "/home/ubuntu/ros2_ws/src/Manipulator_UR5_Project/install/move_ws/lib/libmove_ws__rosidl_typesupport_fastrtps_c.so" to ""
-- Up-to-date: /home/ubuntu/ros2_ws/src/Manipulator_UR5_Project/install/move_ws/include/move_ws/move_ws
-- Up-to-date: /home/ubuntu/ros2_ws/src/Manipulator_UR5_Project/install/move_ws/include/move_ws/move_ws/msg
-- Installing: /home/ubuntu/ros2_ws/src/Manipulator_UR5_Project/install/move_ws/include/move_ws/move_ws/msg/vector3d.hpp
-- Up-to-date: /home/ubuntu/ros2_ws/src/Manipulator_UR5_Project/install/move_ws/include/move_ws/move_ws/msg/detail
-- Installing: /home/ubuntu/ros2_ws/src/Manipulator_UR5_Project/install/move_ws/include/move_ws/move_ws/msg/detail/vector3d__traits.hpp
-- Installing: /home/ubuntu/ros2_ws/src/Manipulator_UR5_Project/install/move_ws/include/move_ws/move_ws/msg/detail/vector3d__builder.hpp
-- Installing: /home/ubuntu/ros2_ws/src/Manipulator_UR5_Project/install/move_ws/include/move_ws/move_ws/msg/detail/vector3d__struct.hpp
-- Installing: /home/ubuntu/ros2_ws/src/Manipulator_UR5_Project/install/move_ws/include/move_ws/move_ws/msg/detail/vector3d__type_support.hpp
-- Installing: /home/ubuntu/ros2_ws/src/Manipulator_UR5_Project/install/move_ws/include/move_ws/move_ws/msg/rosidl_generator_cpp__visibility_control.hpp
-- Up-to-date: /home/ubuntu/ros2_ws/src/Manipulator_UR5_Project/install/move_ws/include/move_ws/move_ws/srv
-- Installing: /home/ubuntu/ros2_ws/src/Manipulator_UR5_Project/install/move_ws/include/move_ws/move_ws/srv/moving.hpp
-- Up-to-date: /home/ubuntu/ros2_ws/src/Manipulator_UR5_Project/install/move_ws/include/move_ws/move_ws/srv/detail
-- Installing: /home/ubuntu/ros2_ws/src/Manipulator_UR5_Project/install/move_ws/include/move_ws/move_ws/srv/detail/moving__traits.hpp
-- Installing: /home/ubuntu/ros2_ws/src/Manipulator_UR5_Project/install/move_ws/include/move_ws/move_ws/srv/detail/moving__builder.hpp
-- Installing: /home/ubuntu/ros2_ws/src/Manipulator_UR5_Project/install/move_ws/include/move_ws/move_ws/srv/detail/moving__type_support.hpp
-- Installing: /home/ubuntu/ros2_ws/src/Manipulator_UR5_Project/install/move_ws/include/move_ws/move_ws/srv/detail/moving__struct.hpp
-- Up-to-date: /home/ubuntu/ros2_ws/src/Manipulator_UR5_Project/install/move_ws/include/move_ws/move_ws
-- Up-to-date: /home/ubuntu/ros2_ws/src/Manipulator_UR5_Project/install/move_ws/include/move_ws/move_ws/msg
-- Installing: /home/ubuntu/ros2_ws/src/Manipulator_UR5_Project/install/move_ws/include/move_ws/move_ws/msg/rosidl_typesupport_fastrtps_cpp__visibility_control.h
-- Up-to-date: /home/ubuntu/ros2_ws/src/Manipulator_UR5_Project/install/move_ws/include/move_ws/move_ws/msg/detail
-- Installing: /home/ubuntu/ros2_ws/src/Manipulator_UR5_Project/install/move_ws/include/move_ws/move_ws/msg/detail/vector3d__rosidl_typesupport_fastrtps_cpp.hpp
-- Installing: /home/ubuntu/ros2_ws/src/Manipulator_UR5_Project/install/move_ws/include/move_ws/move_ws/msg/detail/dds_fastrtps
-- Up-to-date: /home/ubuntu/ros2_ws/src/Manipulator_UR5_Project/install/move_ws/include/move_ws/move_ws/srv
-- Up-to-date: /home/ubuntu/ros2_ws/src/Manipulator_UR5_Project/install/move_ws/include/move_ws/move_ws/srv/detail
-- Installing: /home/ubuntu/ros2_ws/src/Manipulator_UR5_Project/install/move_ws/include/move_ws/move_ws/srv/detail/moving__rosidl_typesupport_fastrtps_cpp.hpp
-- Installing: /home/ubuntu/ros2_ws/src/Manipulator_UR5_Project/install/move_ws/include/move_ws/move_ws/srv/detail/dds_fastrtps
-- Installing: /home/ubuntu/ros2_ws/src/Manipulator_UR5_Project/install/move_ws/lib/libmove_ws__rosidl_typesupport_fastrtps_cpp.so
-- Set non-toolchain portion of runtime path of "/home/ubuntu/ros2_ws/src/Manipulator_UR5_Project/install/move_ws/lib/libmove_ws__rosidl_typesupport_fastrtps_cpp.so" to ""
-- Up-to-date: /home/ubuntu/ros2_ws/src/Manipulator_UR5_Project/install/move_ws/include/move_ws/move_ws
-- Up-to-date: /home/ubuntu/ros2_ws/src/Manipulator_UR5_Project/install/move_ws/include/move_ws/move_ws/msg
-- Up-to-date: /home/ubuntu/ros2_ws/src/Manipulator_UR5_Project/install/move_ws/include/move_ws/move_ws/msg/detail
-- Installing: /home/ubuntu/ros2_ws/src/Manipulator_UR5_Project/install/move_ws/include/move_ws/move_ws/msg/detail/vector3d__rosidl_typesupport_introspection_c.h
-- Installing: /home/ubuntu/ros2_ws/src/Manipulator_UR5_Project/install/move_ws/include/move_ws/move_ws/msg/detail/vector3d__type_support.c
-- Installing: /home/ubuntu/ros2_ws/src/Manipulator_UR5_Project/install/move_ws/include/move_ws/move_ws/msg/rosidl_typesupport_introspection_c__visibility_control.h
-- Up-to-date: /home/ubuntu/ros2_ws/src/Manipulator_UR5_Project/install/move_ws/include/move_ws/move_ws/srv
-- Up-to-date: /home/ubuntu/ros2_ws/src/Manipulator_UR5_Project/install/move_ws/include/move_ws/move_ws/srv/detail
-- Installing: /home/ubuntu/ros2_ws/src/Manipulator_UR5_Project/install/move_ws/include/move_ws/move_ws/srv/detail/moving__rosidl_typesupport_introspection_c.h
-- Installing: /home/ubuntu/ros2_ws/src/Manipulator_UR5_Project/install/move_ws/include/move_ws/move_ws/srv/detail/moving__type_support.c
-- Installing: /home/ubuntu/ros2_ws/src/Manipulator_UR5_Project/install/move_ws/lib/libmove_ws__rosidl_typesupport_introspection_c.so
-- Set non-toolchain portion of runtime path of "/home/ubuntu/ros2_ws/src/Manipulator_UR5_Project/install/move_ws/lib/libmove_ws__rosidl_typesupport_introspection_c.so" to ""
-- Installing: /home/ubuntu/ros2_ws/src/Manipulator_UR5_Project/install/move_ws/lib/libmove_ws__rosidl_typesupport_c.so
-- Set non-toolchain portion of runtime path of "/home/ubuntu/ros2_ws/src/Manipulator_UR5_Project/install/move_ws/lib/libmove_ws__rosidl_typesupport_c.so" to ""
-- Up-to-date: /home/ubuntu/ros2_ws/src/Manipulator_UR5_Project/install/move_ws/include/move_ws/move_ws
-- Up-to-date: /home/ubuntu/ros2_ws/src/Manipulator_UR5_Project/install/move_ws/include/move_ws/move_ws/msg
-- Up-to-date: /home/ubuntu/ros2_ws/src/Manipulator_UR5_Project/install/move_ws/include/move_ws/move_ws/msg/detail
-- Installing: /home/ubuntu/ros2_ws/src/Manipulator_UR5_Project/install/move_ws/include/move_ws/move_ws/msg/detail/vector3d__rosidl_typesupport_introspection_cpp.hpp
-- Installing: /home/ubuntu/ros2_ws/src/Manipulator_UR5_Project/install/move_ws/include/move_ws/move_ws/msg/detail/vector3d__type_support.cpp
-- Up-to-date: /home/ubuntu/ros2_ws/src/Manipulator_UR5_Project/install/move_ws/include/move_ws/move_ws/srv
-- Up-to-date: /home/ubuntu/ros2_ws/src/Manipulator_UR5_Project/install/move_ws/include/move_ws/move_ws/srv/detail
-- Installing: /home/ubuntu/ros2_ws/src/Manipulator_UR5_Project/install/move_ws/include/move_ws/move_ws/srv/detail/moving__rosidl_typesupport_introspection_cpp.hpp
-- Installing: /home/ubuntu/ros2_ws/src/Manipulator_UR5_Project/install/move_ws/include/move_ws/move_ws/srv/detail/moving__type_support.cpp
-- Installing: /home/ubuntu/ros2_ws/src/Manipulator_UR5_Project/install/move_ws/lib/libmove_ws__rosidl_typesupport_introspection_cpp.so
-- Set non-toolchain portion of runtime path of "/home/ubuntu/ros2_ws/src/Manipulator_UR5_Project/install/move_ws/lib/libmove_ws__rosidl_typesupport_introspection_cpp.so" to ""
-- Installing: /home/ubuntu/ros2_ws/src/Manipulator_UR5_Project/install/move_ws/lib/libmove_ws__rosidl_typesupport_cpp.so
-- Set non-toolchain portion of runtime path of "/home/ubuntu/ros2_ws/src/Manipulator_UR5_Project/install/move_ws/lib/libmove_ws__rosidl_typesupport_cpp.so" to ""
-- Installing: /home/ubuntu/ros2_ws/src/Manipulator_UR5_Project/install/move_ws/share/move_ws/environment/pythonpath.sh
-- Installing: /home/ubuntu/ros2_ws/src/Manipulator_UR5_Project/install/move_ws/share/move_ws/environment/pythonpath.dsv
-- Installing: /home/ubuntu/ros2_ws/src/Manipulator_UR5_Project/install/move_ws/lib/python3.12/site-packages/move_ws-1.0.0-py3.12.egg-info
-- Installing: /home/ubuntu/ros2_ws/src/Manipulator_UR5_Project/install/move_ws/lib/python3.12/site-packages/move_ws-1.0.0-py3.12.egg-info/PKG-INFO
-- Installing: /home/ubuntu/ros2_ws/src/Manipulator_UR5_Project/install/move_ws/lib/python3.12/site-packages/move_ws-1.0.0-py3.12.egg-info/SOURCES.txt
-- Installing: /home/ubuntu/ros2_ws/src/Manipulator_UR5_Project/install/move_ws/lib/python3.12/site-packages/move_ws-1.0.0-py3.12.egg-info/top_level.txt
-- Installing: /home/ubuntu/ros2_ws/src/Manipulator_UR5_Project/install/move_ws/lib/python3.12/site-packages/move_ws-1.0.0-py3.12.egg-info/dependency_links.txt
-- Installing: /home/ubuntu/ros2_ws/src/Manipulator_UR5_Project/install/move_ws/lib/python3.12/site-packages/move_ws
-- Installing: /home/ubuntu/ros2_ws/src/Manipulator_UR5_Project/install/move_ws/lib/python3.12/site-packages/move_ws/_move_ws_s.ep.rosidl_typesupport_fastrtps_c.c
-- Installing: /home/ubuntu/ros2_ws/src/Manipulator_UR5_Project/install/move_ws/lib/python3.12/site-packages/move_ws/_move_ws_s.ep.rosidl_typesupport_c.c
-- Installing: /home/ubuntu/ros2_ws/src/Manipulator_UR5_Project/install/move_ws/lib/python3.12/site-packages/move_ws/msg
-- Installing: /home/ubuntu/ros2_ws/src/Manipulator_UR5_Project/install/move_ws/lib/python3.12/site-packages/move_ws/msg/_vector3d_s.c
-- Installing: /home/ubuntu/ros2_ws/src/Manipulator_UR5_Project/install/move_ws/lib/python3.12/site-packages/move_ws/msg/__init__.py
-- Installing: /home/ubuntu/ros2_ws/src/Manipulator_UR5_Project/install/move_ws/lib/python3.12/site-packages/move_ws/msg/_vector3d.py
-- Installing: /home/ubuntu/ros2_ws/src/Manipulator_UR5_Project/install/move_ws/lib/python3.12/site-packages/move_ws/__init__.py
-- Installing: /home/ubuntu/ros2_ws/src/Manipulator_UR5_Project/install/move_ws/lib/python3.12/site-packages/move_ws/move_ws_s__rosidl_typesupport_fastrtps_c.so
-- Installing: /home/ubuntu/ros2_ws/src/Manipulator_UR5_Project/install/move_ws/lib/python3.12/site-packages/move_ws/_move_ws_s.ep.rosidl_typesupport_introspection_c.c
-- Installing: /home/ubuntu/ros2_ws/src/Manipulator_UR5_Project/install/move_ws/lib/python3.12/site-packages/move_ws/move_ws_s__rosidl_typesupport_c.so
-- Installing: /home/ubuntu/ros2_ws/src/Manipulator_UR5_Project/install/move_ws/lib/python3.12/site-packages/move_ws/move_ws_s__rosidl_typesupport_introspection_c.so
-- Installing: /home/ubuntu/ros2_ws/src/Manipulator_UR5_Project/install/move_ws/lib/python3.12/site-packages/move_ws/srv
-- Installing: /home/ubuntu/ros2_ws/src/Manipulator_UR5_Project/install/move_ws/lib/python3.12/site-packages/move_ws/srv/_moving_s.c
-- Installing: /home/ubuntu/ros2_ws/src/Manipulator_UR5_Project/install/move_ws/lib/python3.12/site-packages/move_ws/srv/__init__.py
-- Installing: /home/ubuntu/ros2_ws/src/Manipulator_UR5_Project/install/move_ws/lib/python3.12/site-packages/move_ws/srv/_moving.py
Listing '/home/ubuntu/ros2_ws/src/Manipulator_UR5_Project/install/move_ws/lib/python3.12/site-packages/move_ws'...
Compiling '/home/ubuntu/ros2_ws/src/Manipulator_UR5_Project/install/move_ws/lib/python3.12/site-packages/move_ws/__init__.py'...
Listing '/home/ubuntu/ros2_ws/src/Manipulator_UR5_Project/install/move_ws/lib/python3.12/site-packages/move_ws/msg'...
Compiling '/home/ubuntu/ros2_ws/src/Manipulator_UR5_Project/install/move_ws/lib/python3.12/site-packages/move_ws/msg/__init__.py'...
Compiling '/home/ubuntu/ros2_ws/src/Manipulator_UR5_Project/install/move_ws/lib/python3.12/site-packages/move_ws/msg/_vector3d.py'...
Listing '/home/ubuntu/ros2_ws/src/Manipulator_UR5_Project/install/move_ws/lib/python3.12/site-packages/move_ws/srv'...
Compiling '/home/ubuntu/ros2_ws/src/Manipulator_UR5_Project/install/move_ws/lib/python3.12/site-packages/move_ws/srv/__init__.py'...
Compiling '/home/ubuntu/ros2_ws/src/Manipulator_UR5_Project/install/move_ws/lib/python3.12/site-packages/move_ws/srv/_moving.py'...
-- Installing: /home/ubuntu/ros2_ws/src/Manipulator_UR5_Project/install/move_ws/lib/python3.12/site-packages/move_ws/move_ws_s__rosidl_typesupport_fastrtps_c.so
-- Set non-toolchain portion of runtime path of "/home/ubuntu/ros2_ws/src/Manipulator_UR5_Project/install/move_ws/lib/python3.12/site-packages/move_ws/move_ws_s__rosidl_typesupport_fastrtps_c.so" to ""
-- Installing: /home/ubuntu/ros2_ws/src/Manipulator_UR5_Project/install/move_ws/lib/python3.12/site-packages/move_ws/move_ws_s__rosidl_typesupport_introspection_c.so
-- Set non-toolchain portion of runtime path of "/home/ubuntu/ros2_ws/src/Manipulator_UR5_Project/install/move_ws/lib/python3.12/site-packages/move_ws/move_ws_s__rosidl_typesupport_introspection_c.so" to ""
-- Installing: /home/ubuntu/ros2_ws/src/Manipulator_UR5_Project/install/move_ws/lib/python3.12/site-packages/move_ws/move_ws_s__rosidl_typesupport_c.so
-- Set non-toolchain portion of runtime path of "/home/ubuntu/ros2_ws/src/Manipulator_UR5_Project/install/move_ws/lib/python3.12/site-packages/move_ws/move_ws_s__rosidl_typesupport_c.so" to ""
-- Installing: /home/ubuntu/ros2_ws/src/Manipulator_UR5_Project/install/move_ws/lib/libmove_ws__rosidl_generator_py.so
-- Set non-toolchain portion of runtime path of "/home/ubuntu/ros2_ws/src/Manipulator_UR5_Project/install/move_ws/lib/libmove_ws__rosidl_generator_py.so" to ""
-- Installing: /home/ubuntu/ros2_ws/src/Manipulator_UR5_Project/install/move_ws/share/move_ws/srv/Moving.idl
-- Installing: /home/ubuntu/ros2_ws/src/Manipulator_UR5_Project/install/move_ws/share/move_ws/msg/Vector3d.idl
-- Installing: /home/ubuntu/ros2_ws/src/Manipulator_UR5_Project/install/move_ws/share/move_ws/srv/Moving.srv
-- Installing: /home/ubuntu/ros2_ws/src/Manipulator_UR5_Project/install/move_ws/share/move_ws/msg/Vector3d.msg
-- Installing: /home/ubuntu/ros2_ws/src/Manipulator_UR5_Project/install/move_ws/lib/move_ws/service_moving
-- Set non-toolchain portion of runtime path of "/home/ubuntu/ros2_ws/src/Manipulator_UR5_Project/install/move_ws/lib/move_ws/service_moving" to ""
-- Installing: /home/ubuntu/ros2_ws/src/Manipulator_UR5_Project/install/move_ws/share/ament_index/resource_index/package_run_dependencies/move_ws
-- Installing: /home/ubuntu/ros2_ws/src/Manipulator_UR5_Project/install/move_ws/share/ament_index/resource_index/parent_prefix_path/move_ws
-- Installing: /home/ubuntu/ros2_ws/src/Manipulator_UR5_Project/install/move_ws/share/move_ws/environment/ament_prefix_path.sh
-- Installing: /home/ubuntu/ros2_ws/src/Manipulator_UR5_Project/install/move_ws/share/move_ws/environment/ament_prefix_path.dsv
-- Installing: /home/ubuntu/ros2_ws/src/Manipulator_UR5_Project/install/move_ws/share/move_ws/environment/path.sh
-- Installing: /home/ubuntu/ros2_ws/src/Manipulator_UR5_Project/install/move_ws/share/move_ws/environment/path.dsv
-- Installing: /home/ubuntu/ros2_ws/src/Manipulator_UR5_Project/install/move_ws/share/move_ws/local_setup.bash
-- Installing: /home/ubuntu/ros2_ws/src/Manipulator_UR5_Project/install/move_ws/share/move_ws/local_setup.sh
-- Installing: /home/ubuntu/ros2_ws/src/Manipulator_UR5_Project/install/move_ws/share/move_ws/local_setup.zsh
-- Installing: /home/ubuntu/ros2_ws/src/Manipulator_UR5_Project/install/move_ws/share/move_ws/local_setup.dsv
-- Installing: /home/ubuntu/ros2_ws/src/Manipulator_UR5_Project/install/move_ws/share/move_ws/package.dsv
-- Installing: /home/ubuntu/ros2_ws/src/Manipulator_UR5_Project/install/move_ws/share/ament_index/resource_index/packages/move_ws
-- Installing: /home/ubuntu/ros2_ws/src/Manipulator_UR5_Project/install/move_ws/share/move_ws/cmake/export_move_ws__rosidl_generator_cExport.cmake
-- Installing: /home/ubuntu/ros2_ws/src/Manipulator_UR5_Project/install/move_ws/share/move_ws/cmake/export_move_ws__rosidl_generator_cExport-noconfig.cmake
-- Installing: /home/ubuntu/ros2_ws/src/Manipulator_UR5_Project/install/move_ws/share/move_ws/cmake/export_move_ws__rosidl_typesupport_fastrtps_cExport.cmake
-- Installing: /home/ubuntu/ros2_ws/src/Manipulator_UR5_Project/install/move_ws/share/move_ws/cmake/export_move_ws__rosidl_typesupport_fastrtps_cExport-noconfig.cmake
-- Installing: /home/ubuntu/ros2_ws/src/Manipulator_UR5_Project/install/move_ws/share/move_ws/cmake/export_move_ws__rosidl_generator_cppExport.cmake
-- Installing: /home/ubuntu/ros2_ws/src/Manipulator_UR5_Project/install/move_ws/share/move_ws/cmake/export_move_ws__rosidl_typesupport_fastrtps_cppExport.cmake
-- Installing: /home/ubuntu/ros2_ws/src/Manipulator_UR5_Project/install/move_ws/share/move_ws/cmake/export_move_ws__rosidl_typesupport_fastrtps_cppExport-noconfig.cmake
-- Installing: /home/ubuntu/ros2_ws/src/Manipulator_UR5_Project/install/move_ws/share/move_ws/cmake/move_ws__rosidl_typesupport_introspection_cExport.cmake
-- Installing: /home/ubuntu/ros2_ws/src/Manipulator_UR5_Project/install/move_ws/share/move_ws/cmake/move_ws__rosidl_typesupport_introspection_cExport-noconfig.cmake
-- Installing: /home/ubuntu/ros2_ws/src/Manipulator_UR5_Project/install/move_ws/share/move_ws/cmake/move_ws__rosidl_typesupport_cExport.cmake
-- Installing: /home/ubuntu/ros2_ws/src/Manipulator_UR5_Project/install/move_ws/share/move_ws/cmake/move_ws__rosidl_typesupport_cExport-noconfig.cmake
-- Installing: /home/ubuntu/ros2_ws/src/Manipulator_UR5_Project/install/move_ws/share/move_ws/cmake/move_ws__rosidl_typesupport_introspection_cppExport.cmake
-- Installing: /home/ubuntu/ros2_ws/src/Manipulator_UR5_Project/install/move_ws/share/move_ws/cmake/move_ws__rosidl_typesupport_introspection_cppExport-noconfig.cmake
-- Installing: /home/ubuntu/ros2_ws/src/Manipulator_UR5_Project/install/move_ws/share/move_ws/cmake/move_ws__rosidl_typesupport_cppExport.cmake
-- Installing: /home/ubuntu/ros2_ws/src/Manipulator_UR5_Project/install/move_ws/share/move_ws/cmake/move_ws__rosidl_typesupport_cppExport-noconfig.cmake
-- Installing: /home/ubuntu/ros2_ws/src/Manipulator_UR5_Project/install/move_ws/share/move_ws/cmake/export_move_ws__rosidl_generator_pyExport.cmake
-- Installing: /home/ubuntu/ros2_ws/src/Manipulator_UR5_Project/install/move_ws/share/move_ws/cmake/export_move_ws__rosidl_generator_pyExport-noconfig.cmake
-- Installing: /home/ubuntu/ros2_ws/src/Manipulator_UR5_Project/install/move_ws/share/move_ws/cmake/rosidl_cmake-extras.cmake
-- Installing: /home/ubuntu/ros2_ws/src/Manipulator_UR5_Project/install/move_ws/share/move_ws/cmake/ament_cmake_export_dependencies-extras.cmake
-- Installing: /home/ubuntu/ros2_ws/src/Manipulator_UR5_Project/install/move_ws/share/move_ws/cmake/ament_cmake_export_include_directories-extras.cmake
-- Installing: /home/ubuntu/ros2_ws/src/Manipulator_UR5_Project/install/move_ws/share/move_ws/cmake/ament_cmake_export_libraries-extras.cmake
-- Installing: /home/ubuntu/ros2_ws/src/Manipulator_UR5_Project/install/move_ws/share/move_ws/cmake/ament_cmake_export_targets-extras.cmake
-- Installing: /home/ubuntu/ros2_ws/src/Manipulator_UR5_Project/install/move_ws/share/move_ws/cmake/rosidl_cmake_export_typesupport_targets-extras.cmake
-- Installing: /home/ubuntu/ros2_ws/src/Manipulator_UR5_Project/install/move_ws/share/move_ws/cmake/rosidl_cmake_export_typesupport_libraries-extras.cmake
-- Installing: /home/ubuntu/ros2_ws/src/Manipulator_UR5_Project/install/move_ws/share/move_ws/cmake/move_wsConfig.cmake
-- Installing: /home/ubuntu/ros2_ws/src/Manipulator_UR5_Project/install/move_ws/share/move_ws/cmake/move_wsConfig-version.cmake
-- Installing: /home/ubuntu/ros2_ws/src/Manipulator_UR5_Project/install/move_ws/share/move_ws/package.xml
