[0.575s] DEBUG:colcon:Command line arguments: ['/usr/bin/colcon', 'build', '--event-handlers', 'console_cohesion+', '--packages-up-to', 'complete_job_ws']
[0.576s] DEBUG:colcon:Parsed command line arguments: Namespace(log_base=None, log_level=None, verb_name='build', build_base='build', install_base='install', merge_install=False, symlink_install=False, test_result_base=None, continue_on_error=False, executor='parallel', parallel_workers=8, event_handlers=['console_cohesion+'], ignore_user_meta=False, metas=['./colcon.meta'], base_paths=['.'], packages_ignore=None, packages_ignore_regex=None, paths=None, packages_up_to=['complete_job_ws'], packages_up_to_regex=None, packages_above=None, packages_above_and_dependencies=None, packages_above_depth=None, packages_select_by_dep=None, packages_skip_by_dep=None, packages_skip_up_to=None, packages_select_build_failed=False, packages_skip_build_finished=False, packages_select_test_failures=False, packages_skip_test_passed=False, packages_select=None, packages_skip=None, packages_select_regex=None, packages_skip_regex=None, packages_start=None, packages_end=None, allow_overriding=[], cmake_args=None, cmake_target=None, cmake_target_skip_unavailable=False, cmake_clean_cache=False, cmake_clean_first=False, cmake_force_configure=False, ament_cmake_args=None, catkin_cmake_args=None, catkin_skip_building_tests=False, verb_parser=<colcon_defaults.argument_parser.defaults.DefaultArgumentsDecorator object at 0xffff90b47140>, verb_extension=<colcon_core.verb.build.BuildVerb object at 0xffff90ca7d40>, main=<bound method BuildVerb.main of <colcon_core.verb.build.BuildVerb object at 0xffff90ca7d40>>)
[0.819s] Level 1:colcon.colcon_core.package_discovery:discover_packages(colcon_meta) check parameters
[0.820s] Level 1:colcon.colcon_core.package_discovery:discover_packages(recursive) check parameters
[0.820s] Level 1:colcon.colcon_core.package_discovery:discover_packages(ignore) check parameters
[0.821s] Level 1:colcon.colcon_core.package_discovery:discover_packages(path) check parameters
[0.821s] Level 1:colcon.colcon_core.package_discovery:discover_packages(colcon_meta) discover
[0.822s] Level 1:colcon.colcon_core.package_discovery:discover_packages(recursive) discover
[0.824s] INFO:colcon.colcon_core.package_discovery:Crawling recursively for packages in '/home/ubuntu/ros2_ws/src/Manipulator_UR5_Project'
[0.828s] Level 1:colcon.colcon_core.package_identification:_identify(.) by extensions ['ignore', 'ignore_ament_install']
[0.829s] Level 1:colcon.colcon_core.package_identification:_identify(.) by extension 'ignore'
[0.829s] Level 1:colcon.colcon_core.package_identification:_identify(.) by extension 'ignore_ament_install'
[0.832s] Level 1:colcon.colcon_core.package_identification:_identify(.) by extensions ['colcon_pkg']
[0.832s] Level 1:colcon.colcon_core.package_identification:_identify(.) by extension 'colcon_pkg'
[0.834s] Level 1:colcon.colcon_core.package_identification:_identify(.) by extensions ['colcon_meta']
[0.834s] Level 1:colcon.colcon_core.package_identification:_identify(.) by extension 'colcon_meta'
[0.834s] Level 1:colcon.colcon_core.package_identification:_identify(.) by extensions ['ros']
[0.835s] Level 1:colcon.colcon_core.package_identification:_identify(.) by extension 'ros'
[0.956s] Level 1:colcon.colcon_core.package_identification:_identify(.) by extensions ['cmake', 'python']
[0.957s] Level 1:colcon.colcon_core.package_identification:_identify(.) by extension 'cmake'
[0.960s] Level 1:colcon.colcon_core.package_identification:_identify(.) by extension 'python'
[0.961s] Level 1:colcon.colcon_core.package_identification:_identify(.) by extensions ['python_setup_py']
[0.961s] Level 1:colcon.colcon_core.package_identification:_identify(.) by extension 'python_setup_py'
[0.963s] Level 1:colcon.colcon_core.package_identification:_identify(Latex Source) by extensions ['ignore', 'ignore_ament_install']
[0.964s] Level 1:colcon.colcon_core.package_identification:_identify(Latex Source) by extension 'ignore'
[0.964s] Level 1:colcon.colcon_core.package_identification:_identify(Latex Source) by extension 'ignore_ament_install'
[0.968s] Level 1:colcon.colcon_core.package_identification:_identify(Latex Source) by extensions ['colcon_pkg']
[0.968s] Level 1:colcon.colcon_core.package_identification:_identify(Latex Source) by extension 'colcon_pkg'
[0.970s] Level 1:colcon.colcon_core.package_identification:_identify(Latex Source) by extensions ['colcon_meta']
[0.971s] Level 1:colcon.colcon_core.package_identification:_identify(Latex Source) by extension 'colcon_meta'
[0.972s] Level 1:colcon.colcon_core.package_identification:_identify(Latex Source) by extensions ['ros']
[0.972s] Level 1:colcon.colcon_core.package_identification:_identify(Latex Source) by extension 'ros'
[0.973s] Level 1:colcon.colcon_core.package_identification:_identify(Latex Source) by extensions ['cmake', 'python']
[0.973s] Level 1:colcon.colcon_core.package_identification:_identify(Latex Source) by extension 'cmake'
[0.973s] Level 1:colcon.colcon_core.package_identification:_identify(Latex Source) by extension 'python'
[0.975s] Level 1:colcon.colcon_core.package_identification:_identify(Latex Source) by extensions ['python_setup_py']
[0.975s] Level 1:colcon.colcon_core.package_identification:_identify(Latex Source) by extension 'python_setup_py'
[0.977s] Level 1:colcon.colcon_core.package_identification:_identify(build) by extensions ['ignore', 'ignore_ament_install']
[0.977s] Level 1:colcon.colcon_core.package_identification:_identify(build) by extension 'ignore'
[0.978s] Level 1:colcon.colcon_core.package_identification:_identify(build) ignored
[0.981s] Level 1:colcon.colcon_core.package_identification:_identify(install) by extensions ['ignore', 'ignore_ament_install']
[0.982s] Level 1:colcon.colcon_core.package_identification:_identify(install) by extension 'ignore'
[0.983s] Level 1:colcon.colcon_core.package_identification:_identify(install) ignored
[0.986s] Level 1:colcon.colcon_core.package_identification:_identify(log) by extensions ['ignore', 'ignore_ament_install']
[0.986s] Level 1:colcon.colcon_core.package_identification:_identify(log) by extension 'ignore'
[0.988s] Level 1:colcon.colcon_core.package_identification:_identify(log) ignored
[0.990s] Level 1:colcon.colcon_core.package_identification:_identify(robotics_project_ws) by extensions ['ignore', 'ignore_ament_install']
[0.990s] Level 1:colcon.colcon_core.package_identification:_identify(robotics_project_ws) by extension 'ignore'
[0.992s] Level 1:colcon.colcon_core.package_identification:_identify(robotics_project_ws) by extension 'ignore_ament_install'
[0.992s] Level 1:colcon.colcon_core.package_identification:_identify(robotics_project_ws) by extensions ['colcon_pkg']
[0.992s] Level 1:colcon.colcon_core.package_identification:_identify(robotics_project_ws) by extension 'colcon_pkg'
[0.998s] Level 1:colcon.colcon_core.package_identification:_identify(robotics_project_ws) by extensions ['colcon_meta']
[0.999s] Level 1:colcon.colcon_core.package_identification:_identify(robotics_project_ws) by extension 'colcon_meta'
[0.999s] Level 1:colcon.colcon_core.package_identification:_identify(robotics_project_ws) by extensions ['ros']
[1.000s] Level 1:colcon.colcon_core.package_identification:_identify(robotics_project_ws) by extension 'ros'
[1.005s] Level 1:colcon.colcon_core.package_identification:_identify(robotics_project_ws) by extensions ['cmake', 'python']
[1.006s] Level 1:colcon.colcon_core.package_identification:_identify(robotics_project_ws) by extension 'cmake'
[1.006s] Level 1:colcon.colcon_core.package_identification:_identify(robotics_project_ws) by extension 'python'
[1.008s] Level 1:colcon.colcon_core.package_identification:_identify(robotics_project_ws) by extensions ['python_setup_py']
[1.008s] Level 1:colcon.colcon_core.package_identification:_identify(robotics_project_ws) by extension 'python_setup_py'
[1.009s] Level 1:colcon.colcon_core.package_identification:_identify(robotics_project_ws/src) by extensions ['ignore', 'ignore_ament_install']
[1.010s] Level 1:colcon.colcon_core.package_identification:_identify(robotics_project_ws/src) by extension 'ignore'
[1.010s] Level 1:colcon.colcon_core.package_identification:_identify(robotics_project_ws/src) by extension 'ignore_ament_install'
[1.014s] Level 1:colcon.colcon_core.package_identification:_identify(robotics_project_ws/src) by extensions ['colcon_pkg']
[1.014s] Level 1:colcon.colcon_core.package_identification:_identify(robotics_project_ws/src) by extension 'colcon_pkg'
[1.014s] Level 1:colcon.colcon_core.package_identification:_identify(robotics_project_ws/src) by extensions ['colcon_meta']
[1.014s] Level 1:colcon.colcon_core.package_identification:_identify(robotics_project_ws/src) by extension 'colcon_meta'
[1.015s] Level 1:colcon.colcon_core.package_identification:_identify(robotics_project_ws/src) by extensions ['ros']
[1.015s] Level 1:colcon.colcon_core.package_identification:_identify(robotics_project_ws/src) by extension 'ros'
[1.016s] Level 1:colcon.colcon_core.package_identification:_identify(robotics_project_ws/src) by extensions ['cmake', 'python']
[1.017s] Level 1:colcon.colcon_core.package_identification:_identify(robotics_project_ws/src) by extension 'cmake'
[1.017s] Level 1:colcon.colcon_core.package_identification:_identify(robotics_project_ws/src) by extension 'python'
[1.017s] Level 1:colcon.colcon_core.package_identification:_identify(robotics_project_ws/src) by extensions ['python_setup_py']
[1.017s] Level 1:colcon.colcon_core.package_identification:_identify(robotics_project_ws/src) by extension 'python_setup_py'
[1.022s] Level 1:colcon.colcon_core.package_identification:_identify(robotics_project_ws/src/block_spawner_ws) by extensions ['ignore', 'ignore_ament_install']
[1.023s] Level 1:colcon.colcon_core.package_identification:_identify(robotics_project_ws/src/block_spawner_ws) by extension 'ignore'
[1.023s] Level 1:colcon.colcon_core.package_identification:_identify(robotics_project_ws/src/block_spawner_ws) by extension 'ignore_ament_install'
[1.027s] Level 1:colcon.colcon_core.package_identification:_identify(robotics_project_ws/src/block_spawner_ws) by extensions ['colcon_pkg']
[1.028s] Level 1:colcon.colcon_core.package_identification:_identify(robotics_project_ws/src/block_spawner_ws) by extension 'colcon_pkg'
[1.033s] Level 1:colcon.colcon_core.package_identification:_identify(robotics_project_ws/src/block_spawner_ws) by extensions ['colcon_meta']
[1.033s] Level 1:colcon.colcon_core.package_identification:_identify(robotics_project_ws/src/block_spawner_ws) by extension 'colcon_meta'
[1.033s] Level 1:colcon.colcon_core.package_identification:_identify(robotics_project_ws/src/block_spawner_ws) by extensions ['ros']
[1.033s] Level 1:colcon.colcon_core.package_identification:_identify(robotics_project_ws/src/block_spawner_ws) by extension 'ros'
[1.056s] DEBUG:colcon.colcon_core.package_identification:Package 'robotics_project_ws/src/block_spawner_ws' with type 'ros.ament_cmake' and name 'block_spawner_ws_pkg'
[1.067s] Level 1:colcon.colcon_core.package_identification:_identify(robotics_project_ws/src/camera_ws) by extensions ['ignore', 'ignore_ament_install']
[1.067s] Level 1:colcon.colcon_core.package_identification:_identify(robotics_project_ws/src/camera_ws) by extension 'ignore'
[1.068s] Level 1:colcon.colcon_core.package_identification:_identify(robotics_project_ws/src/camera_ws) by extension 'ignore_ament_install'
[1.076s] Level 1:colcon.colcon_core.package_identification:_identify(robotics_project_ws/src/camera_ws) by extensions ['colcon_pkg']
[1.076s] Level 1:colcon.colcon_core.package_identification:_identify(robotics_project_ws/src/camera_ws) by extension 'colcon_pkg'
[1.077s] Level 1:colcon.colcon_core.package_identification:_identify(robotics_project_ws/src/camera_ws) by extensions ['colcon_meta']
[1.077s] Level 1:colcon.colcon_core.package_identification:_identify(robotics_project_ws/src/camera_ws) by extension 'colcon_meta'
[1.083s] Level 1:colcon.colcon_core.package_identification:_identify(robotics_project_ws/src/camera_ws) by extensions ['ros']
[1.088s] Level 1:colcon.colcon_core.package_identification:_identify(robotics_project_ws/src/camera_ws) by extension 'ros'
[1.097s] DEBUG:colcon.colcon_core.package_identification:Package 'robotics_project_ws/src/camera_ws' with type 'ros.ament_cmake' and name 'camera_ws'
[1.099s] Level 1:colcon.colcon_core.package_identification:_identify(robotics_project_ws/src/complete_job_ws) by extensions ['ignore', 'ignore_ament_install']
[1.099s] Level 1:colcon.colcon_core.package_identification:_identify(robotics_project_ws/src/complete_job_ws) by extension 'ignore'
[1.100s] Level 1:colcon.colcon_core.package_identification:_identify(robotics_project_ws/src/complete_job_ws) by extension 'ignore_ament_install'
[1.103s] Level 1:colcon.colcon_core.package_identification:_identify(robotics_project_ws/src/complete_job_ws) by extensions ['colcon_pkg']
[1.103s] Level 1:colcon.colcon_core.package_identification:_identify(robotics_project_ws/src/complete_job_ws) by extension 'colcon_pkg'
[1.104s] Level 1:colcon.colcon_core.package_identification:_identify(robotics_project_ws/src/complete_job_ws) by extensions ['colcon_meta']
[1.104s] Level 1:colcon.colcon_core.package_identification:_identify(robotics_project_ws/src/complete_job_ws) by extension 'colcon_meta'
[1.105s] Level 1:colcon.colcon_core.package_identification:_identify(robotics_project_ws/src/complete_job_ws) by extensions ['ros']
[1.105s] Level 1:colcon.colcon_core.package_identification:_identify(robotics_project_ws/src/complete_job_ws) by extension 'ros'
[1.108s] DEBUG:colcon.colcon_core.package_identification:Package 'robotics_project_ws/src/complete_job_ws' with type 'ros.ament_cmake' and name 'complete_job_ws'
[1.112s] Level 1:colcon.colcon_core.package_identification:_identify(robotics_project_ws/src/gripper_ws) by extensions ['ignore', 'ignore_ament_install']
[1.112s] Level 1:colcon.colcon_core.package_identification:_identify(robotics_project_ws/src/gripper_ws) by extension 'ignore'
[1.113s] Level 1:colcon.colcon_core.package_identification:_identify(robotics_project_ws/src/gripper_ws) by extension 'ignore_ament_install'
[1.121s] Level 1:colcon.colcon_core.package_identification:_identify(robotics_project_ws/src/gripper_ws) by extensions ['colcon_pkg']
[1.124s] Level 1:colcon.colcon_core.package_identification:_identify(robotics_project_ws/src/gripper_ws) by extension 'colcon_pkg'
[1.126s] Level 1:colcon.colcon_core.package_identification:_identify(robotics_project_ws/src/gripper_ws) by extensions ['colcon_meta']
[1.126s] Level 1:colcon.colcon_core.package_identification:_identify(robotics_project_ws/src/gripper_ws) by extension 'colcon_meta'
[1.127s] Level 1:colcon.colcon_core.package_identification:_identify(robotics_project_ws/src/gripper_ws) by extensions ['ros']
[1.128s] Level 1:colcon.colcon_core.package_identification:_identify(robotics_project_ws/src/gripper_ws) by extension 'ros'
[1.132s] DEBUG:colcon.colcon_core.package_identification:Package 'robotics_project_ws/src/gripper_ws' with type 'ros.ament_cmake' and name 'gripper_ws'
[1.137s] Level 1:colcon.colcon_core.package_identification:_identify(robotics_project_ws/src/move_ws) by extensions ['ignore', 'ignore_ament_install']
[1.138s] Level 1:colcon.colcon_core.package_identification:_identify(robotics_project_ws/src/move_ws) by extension 'ignore'
[1.143s] Level 1:colcon.colcon_core.package_identification:_identify(robotics_project_ws/src/move_ws) by extension 'ignore_ament_install'
[1.143s] Level 1:colcon.colcon_core.package_identification:_identify(robotics_project_ws/src/move_ws) by extensions ['colcon_pkg']
[1.143s] Level 1:colcon.colcon_core.package_identification:_identify(robotics_project_ws/src/move_ws) by extension 'colcon_pkg'
[1.144s] Level 1:colcon.colcon_core.package_identification:_identify(robotics_project_ws/src/move_ws) by extensions ['colcon_meta']
[1.144s] Level 1:colcon.colcon_core.package_identification:_identify(robotics_project_ws/src/move_ws) by extension 'colcon_meta'
[1.144s] Level 1:colcon.colcon_core.package_identification:_identify(robotics_project_ws/src/move_ws) by extensions ['ros']
[1.144s] Level 1:colcon.colcon_core.package_identification:_identify(robotics_project_ws/src/move_ws) by extension 'ros'
[1.146s] DEBUG:colcon.colcon_core.package_identification:Package 'robotics_project_ws/src/move_ws' with type 'ros.ament_cmake' and name 'move_ws'
[1.151s] Level 1:colcon.colcon_core.package_identification:_identify(robotics_project_ws/src/vision_ws) by extensions ['ignore', 'ignore_ament_install']
[1.151s] Level 1:colcon.colcon_core.package_identification:_identify(robotics_project_ws/src/vision_ws) by extension 'ignore'
[1.153s] Level 1:colcon.colcon_core.package_identification:_identify(robotics_project_ws/src/vision_ws) by extension 'ignore_ament_install'
[1.155s] Level 1:colcon.colcon_core.package_identification:_identify(robotics_project_ws/src/vision_ws) by extensions ['colcon_pkg']
[1.156s] Level 1:colcon.colcon_core.package_identification:_identify(robotics_project_ws/src/vision_ws) by extension 'colcon_pkg'
[1.157s] Level 1:colcon.colcon_core.package_identification:_identify(robotics_project_ws/src/vision_ws) by extensions ['colcon_meta']
[1.157s] Level 1:colcon.colcon_core.package_identification:_identify(robotics_project_ws/src/vision_ws) by extension 'colcon_meta'
[1.158s] Level 1:colcon.colcon_core.package_identification:_identify(robotics_project_ws/src/vision_ws) by extensions ['ros']
[1.159s] Level 1:colcon.colcon_core.package_identification:_identify(robotics_project_ws/src/vision_ws) by extension 'ros'
[1.160s] Level 1:colcon.colcon_core.package_identification:_identify(robotics_project_ws/src/vision_ws) by extensions ['cmake', 'python']
[1.161s] Level 1:colcon.colcon_core.package_identification:_identify(robotics_project_ws/src/vision_ws) by extension 'cmake'
[1.216s] Level 1:colcon.colcon_core.package_identification:_identify(robotics_project_ws/src/vision_ws) by extension 'python'
[1.216s] DEBUG:colcon.colcon_core.package_identification:Package 'robotics_project_ws/src/vision_ws' with type 'cmake' and name 'vision_ws'
[1.218s] Level 1:colcon.colcon_core.package_identification:_identify(ros2_ur5_interface) by extensions ['ignore', 'ignore_ament_install']
[1.218s] Level 1:colcon.colcon_core.package_identification:_identify(ros2_ur5_interface) by extension 'ignore'
[1.219s] Level 1:colcon.colcon_core.package_identification:_identify(ros2_ur5_interface) by extension 'ignore_ament_install'
[1.223s] Level 1:colcon.colcon_core.package_identification:_identify(ros2_ur5_interface) by extensions ['colcon_pkg']
[1.227s] Level 1:colcon.colcon_core.package_identification:_identify(ros2_ur5_interface) by extension 'colcon_pkg'
[1.233s] Level 1:colcon.colcon_core.package_identification:_identify(ros2_ur5_interface) by extensions ['colcon_meta']
[1.234s] Level 1:colcon.colcon_core.package_identification:_identify(ros2_ur5_interface) by extension 'colcon_meta'
[1.238s] Level 1:colcon.colcon_core.package_identification:_identify(ros2_ur5_interface) by extensions ['ros']
[1.238s] Level 1:colcon.colcon_core.package_identification:_identify(ros2_ur5_interface) by extension 'ros'
[1.241s] DEBUG:colcon.colcon_core.package_identification:Package 'ros2_ur5_interface' with type 'ros.ament_cmake' and name 'ros2_ur5_interface'
[1.243s] Level 1:colcon.colcon_core.package_discovery:discover_packages(recursive) using defaults
[1.249s] Level 1:colcon.colcon_core.package_discovery:discover_packages(ignore) discover
[1.250s] Level 1:colcon.colcon_core.package_discovery:discover_packages(ignore) using defaults
[1.250s] Level 1:colcon.colcon_core.package_discovery:discover_packages(path) discover
[1.250s] Level 1:colcon.colcon_core.package_discovery:discover_packages(path) using defaults
[1.329s] INFO:colcon.colcon_core.package_selection:Skipping package 'vision_ws' in 'robotics_project_ws/src/vision_ws'
[1.329s] INFO:colcon.colcon_core.package_selection:Skipping package 'ros2_ur5_interface' in 'ros2_ur5_interface'
[1.336s] INFO:colcon.colcon_core.package_selection:Skipping package 'gripper_ws' in 'robotics_project_ws/src/gripper_ws'
[1.337s] INFO:colcon.colcon_core.package_selection:Skipping package 'camera_ws' in 'robotics_project_ws/src/camera_ws'
[1.338s] INFO:colcon.colcon_core.package_selection:Skipping package 'block_spawner_ws_pkg' in 'robotics_project_ws/src/block_spawner_ws'
[1.346s] Level 1:colcon.colcon_core.package_discovery:discover_packages(prefix_path) check parameters
[1.347s] Level 1:colcon.colcon_core.package_discovery:discover_packages(prefix_path) discover
[1.359s] DEBUG:colcon.colcon_installed_package_information.package_discovery:Found 364 installed packages in /opt/ros/jazzy
[1.362s] Level 1:colcon.colcon_core.package_discovery:discover_packages(prefix_path) using defaults
[1.710s] Level 5:colcon.colcon_core.verb:set package 'move_ws' build argument 'cmake_args' from command line to 'None'
[1.723s] Level 5:colcon.colcon_core.verb:set package 'move_ws' build argument 'cmake_target' from command line to 'None'
[1.725s] Level 5:colcon.colcon_core.verb:set package 'move_ws' build argument 'cmake_target_skip_unavailable' from command line to 'False'
[1.726s] Level 5:colcon.colcon_core.verb:set package 'move_ws' build argument 'cmake_clean_cache' from command line to 'False'
[1.727s] Level 5:colcon.colcon_core.verb:set package 'move_ws' build argument 'cmake_clean_first' from command line to 'False'
[1.736s] Level 5:colcon.colcon_core.verb:set package 'move_ws' build argument 'cmake_force_configure' from command line to 'False'
[1.738s] Level 5:colcon.colcon_core.verb:set package 'move_ws' build argument 'ament_cmake_args' from command line to 'None'
[1.738s] Level 5:colcon.colcon_core.verb:set package 'move_ws' build argument 'catkin_cmake_args' from command line to 'None'
[1.738s] Level 5:colcon.colcon_core.verb:set package 'move_ws' build argument 'catkin_skip_building_tests' from command line to 'False'
[1.738s] DEBUG:colcon.colcon_core.verb:Building package 'move_ws' with the following arguments: {'ament_cmake_args': None, 'build_base': '/home/ubuntu/ros2_ws/src/Manipulator_UR5_Project/build/move_ws', 'catkin_cmake_args': None, 'catkin_skip_building_tests': False, 'cmake_args': None, 'cmake_clean_cache': False, 'cmake_clean_first': False, 'cmake_force_configure': False, 'cmake_target': None, 'cmake_target_skip_unavailable': False, 'install_base': '/home/ubuntu/ros2_ws/src/Manipulator_UR5_Project/install/move_ws', 'merge_install': False, 'path': '/home/ubuntu/ros2_ws/src/Manipulator_UR5_Project/robotics_project_ws/src/move_ws', 'symlink_install': False, 'test_result_base': None}
[1.741s] Level 5:colcon.colcon_core.verb:set package 'complete_job_ws' build argument 'cmake_args' from command line to 'None'
[1.749s] Level 5:colcon.colcon_core.verb:set package 'complete_job_ws' build argument 'cmake_target' from command line to 'None'
[1.754s] Level 5:colcon.colcon_core.verb:set package 'complete_job_ws' build argument 'cmake_target_skip_unavailable' from command line to 'False'
[1.759s] Level 5:colcon.colcon_core.verb:set package 'complete_job_ws' build argument 'cmake_clean_cache' from command line to 'False'
[1.759s] Level 5:colcon.colcon_core.verb:set package 'complete_job_ws' build argument 'cmake_clean_first' from command line to 'False'
[1.759s] Level 5:colcon.colcon_core.verb:set package 'complete_job_ws' build argument 'cmake_force_configure' from command line to 'False'
[1.760s] Level 5:colcon.colcon_core.verb:set package 'complete_job_ws' build argument 'ament_cmake_args' from command line to 'None'
[1.760s] Level 5:colcon.colcon_core.verb:set package 'complete_job_ws' build argument 'catkin_cmake_args' from command line to 'None'
[1.760s] Level 5:colcon.colcon_core.verb:set package 'complete_job_ws' build argument 'catkin_skip_building_tests' from command line to 'False'
[1.760s] DEBUG:colcon.colcon_core.verb:Building package 'complete_job_ws' with the following arguments: {'ament_cmake_args': None, 'build_base': '/home/ubuntu/ros2_ws/src/Manipulator_UR5_Project/build/complete_job_ws', 'catkin_cmake_args': None, 'catkin_skip_building_tests': False, 'cmake_args': None, 'cmake_clean_cache': False, 'cmake_clean_first': False, 'cmake_force_configure': False, 'cmake_target': None, 'cmake_target_skip_unavailable': False, 'install_base': '/home/ubuntu/ros2_ws/src/Manipulator_UR5_Project/install/complete_job_ws', 'merge_install': False, 'path': '/home/ubuntu/ros2_ws/src/Manipulator_UR5_Project/robotics_project_ws/src/complete_job_ws', 'symlink_install': False, 'test_result_base': None}
[1.761s] INFO:colcon.colcon_core.executor:Executing jobs using 'parallel' executor
[1.767s] DEBUG:colcon.colcon_parallel_executor.executor.parallel:run_until_complete
[1.771s] INFO:colcon.colcon_ros.task.ament_cmake.build:Building ROS package in '/home/ubuntu/ros2_ws/src/Manipulator_UR5_Project/robotics_project_ws/src/move_ws' with build type 'ament_cmake'
[1.775s] INFO:colcon.colcon_cmake.task.cmake.build:Building CMake package in '/home/ubuntu/ros2_ws/src/Manipulator_UR5_Project/robotics_project_ws/src/move_ws'
[1.789s] INFO:colcon.colcon_core.plugin_system:Skipping extension 'colcon_core.shell.bat': Not used on non-Windows systems
[1.794s] INFO:colcon.colcon_core.shell:Skip shell extension 'powershell' for command environment: Not usable outside of PowerShell
[1.795s] DEBUG:colcon.colcon_core.shell:Skip shell extension 'dsv' for command environment
[1.962s] DEBUG:colcon.colcon_core.event_handler.log_command:Invoking command in '/home/ubuntu/ros2_ws/src/Manipulator_UR5_Project/build/move_ws': CMAKE_PREFIX_PATH=${CMAKE_PREFIX_PATH}:/opt/ros/jazzy /usr/bin/cmake /home/ubuntu/ros2_ws/src/Manipulator_UR5_Project/robotics_project_ws/src/move_ws -DCMAKE_INSTALL_PREFIX=/home/ubuntu/ros2_ws/src/Manipulator_UR5_Project/install/move_ws
[29.584s] DEBUG:colcon.colcon_core.event_handler.log_command:Invoked command in '/home/ubuntu/ros2_ws/src/Manipulator_UR5_Project/build/move_ws' returned '0': CMAKE_PREFIX_PATH=${CMAKE_PREFIX_PATH}:/opt/ros/jazzy /usr/bin/cmake /home/ubuntu/ros2_ws/src/Manipulator_UR5_Project/robotics_project_ws/src/move_ws -DCMAKE_INSTALL_PREFIX=/home/ubuntu/ros2_ws/src/Manipulator_UR5_Project/install/move_ws
[29.617s] DEBUG:colcon.colcon_core.event_handler.log_command:Invoking command in '/home/ubuntu/ros2_ws/src/Manipulator_UR5_Project/build/move_ws': CMAKE_PREFIX_PATH=${CMAKE_PREFIX_PATH}:/opt/ros/jazzy /usr/bin/cmake --build /home/ubuntu/ros2_ws/src/Manipulator_UR5_Project/build/move_ws -- -j8 -l8
[258.597s] DEBUG:colcon.colcon_core.event_handler.log_command:Invoked command in '/home/ubuntu/ros2_ws/src/Manipulator_UR5_Project/build/move_ws' returned '0': CMAKE_PREFIX_PATH=${CMAKE_PREFIX_PATH}:/opt/ros/jazzy /usr/bin/cmake --build /home/ubuntu/ros2_ws/src/Manipulator_UR5_Project/build/move_ws -- -j8 -l8
[258.727s] DEBUG:colcon.colcon_core.event_handler.log_command:Invoking command in '/home/ubuntu/ros2_ws/src/Manipulator_UR5_Project/build/move_ws': CMAKE_PREFIX_PATH=${CMAKE_PREFIX_PATH}:/opt/ros/jazzy /usr/bin/cmake --install /home/ubuntu/ros2_ws/src/Manipulator_UR5_Project/build/move_ws
[262.914s] Level 1:colcon.colcon_core.environment:create_environment_scripts_only(move_ws)
[262.934s] DEBUG:colcon.colcon_core.event_handler.log_command:Invoked command in '/home/ubuntu/ros2_ws/src/Manipulator_UR5_Project/build/move_ws' returned '0': CMAKE_PREFIX_PATH=${CMAKE_PREFIX_PATH}:/opt/ros/jazzy /usr/bin/cmake --install /home/ubuntu/ros2_ws/src/Manipulator_UR5_Project/build/move_ws
[263.032s] Level 1:colcon.colcon_core.environment:checking '/home/ubuntu/ros2_ws/src/Manipulator_UR5_Project/install/move_ws' for CMake module files
[263.080s] Level 1:colcon.colcon_core.environment:checking '/home/ubuntu/ros2_ws/src/Manipulator_UR5_Project/install/move_ws' for CMake config files
[263.107s] Level 1:colcon.colcon_core.shell:create_environment_hook('move_ws', 'cmake_prefix_path')
[263.110s] INFO:colcon.colcon_core.shell:Creating environment hook '/home/ubuntu/ros2_ws/src/Manipulator_UR5_Project/install/move_ws/share/move_ws/hook/cmake_prefix_path.ps1'
[263.125s] INFO:colcon.colcon_core.shell:Creating environment descriptor '/home/ubuntu/ros2_ws/src/Manipulator_UR5_Project/install/move_ws/share/move_ws/hook/cmake_prefix_path.dsv'
[263.130s] INFO:colcon.colcon_core.shell:Creating environment hook '/home/ubuntu/ros2_ws/src/Manipulator_UR5_Project/install/move_ws/share/move_ws/hook/cmake_prefix_path.sh'
[263.139s] Level 1:colcon.colcon_core.environment:checking '/home/ubuntu/ros2_ws/src/Manipulator_UR5_Project/install/move_ws/lib'
[263.156s] Level 1:colcon.colcon_core.shell:create_environment_hook('move_ws', 'ld_library_path_lib')
[263.159s] INFO:colcon.colcon_core.shell:Creating environment hook '/home/ubuntu/ros2_ws/src/Manipulator_UR5_Project/install/move_ws/share/move_ws/hook/ld_library_path_lib.ps1'
[263.165s] INFO:colcon.colcon_core.shell:Creating environment descriptor '/home/ubuntu/ros2_ws/src/Manipulator_UR5_Project/install/move_ws/share/move_ws/hook/ld_library_path_lib.dsv'
[263.168s] INFO:colcon.colcon_core.shell:Creating environment hook '/home/ubuntu/ros2_ws/src/Manipulator_UR5_Project/install/move_ws/share/move_ws/hook/ld_library_path_lib.sh'
[263.174s] Level 1:colcon.colcon_core.environment:checking '/home/ubuntu/ros2_ws/src/Manipulator_UR5_Project/install/move_ws/bin'
[263.174s] Level 1:colcon.colcon_core.environment:checking '/home/ubuntu/ros2_ws/src/Manipulator_UR5_Project/install/move_ws/lib/pkgconfig/move_ws.pc'
[263.176s] Level 1:colcon.colcon_core.environment:checking '/home/ubuntu/ros2_ws/src/Manipulator_UR5_Project/install/move_ws/lib/python3.12/site-packages'
[263.177s] Level 1:colcon.colcon_core.shell:create_environment_hook('move_ws', 'pythonpath')
[263.178s] INFO:colcon.colcon_core.shell:Creating environment hook '/home/ubuntu/ros2_ws/src/Manipulator_UR5_Project/install/move_ws/share/move_ws/hook/pythonpath.ps1'
[263.208s] INFO:colcon.colcon_core.shell:Creating environment descriptor '/home/ubuntu/ros2_ws/src/Manipulator_UR5_Project/install/move_ws/share/move_ws/hook/pythonpath.dsv'
[263.214s] INFO:colcon.colcon_core.shell:Creating environment hook '/home/ubuntu/ros2_ws/src/Manipulator_UR5_Project/install/move_ws/share/move_ws/hook/pythonpath.sh'
[263.219s] Level 1:colcon.colcon_core.environment:checking '/home/ubuntu/ros2_ws/src/Manipulator_UR5_Project/install/move_ws/bin'
[263.225s] INFO:colcon.colcon_core.shell:Creating package script '/home/ubuntu/ros2_ws/src/Manipulator_UR5_Project/install/move_ws/share/move_ws/package.ps1'
[263.240s] INFO:colcon.colcon_core.shell:Creating package descriptor '/home/ubuntu/ros2_ws/src/Manipulator_UR5_Project/install/move_ws/share/move_ws/package.dsv'
[263.255s] INFO:colcon.colcon_core.shell:Creating package script '/home/ubuntu/ros2_ws/src/Manipulator_UR5_Project/install/move_ws/share/move_ws/package.sh'
[263.271s] INFO:colcon.colcon_core.shell:Creating package script '/home/ubuntu/ros2_ws/src/Manipulator_UR5_Project/install/move_ws/share/move_ws/package.bash'
[263.281s] INFO:colcon.colcon_core.shell:Creating package script '/home/ubuntu/ros2_ws/src/Manipulator_UR5_Project/install/move_ws/share/move_ws/package.zsh'
[263.301s] Level 1:colcon.colcon_core.environment:create_file_with_runtime_dependencies(/home/ubuntu/ros2_ws/src/Manipulator_UR5_Project/install/move_ws/share/colcon-core/packages/move_ws)
[263.327s] Level 1:colcon.colcon_core.environment:create_environment_scripts_only(move_ws)
[263.328s] Level 1:colcon.colcon_core.environment:checking '/home/ubuntu/ros2_ws/src/Manipulator_UR5_Project/install/move_ws' for CMake module files
[263.368s] Level 1:colcon.colcon_core.environment:checking '/home/ubuntu/ros2_ws/src/Manipulator_UR5_Project/install/move_ws' for CMake config files
[263.412s] Level 1:colcon.colcon_core.shell:create_environment_hook('move_ws', 'cmake_prefix_path')
[263.412s] INFO:colcon.colcon_core.shell:Creating environment hook '/home/ubuntu/ros2_ws/src/Manipulator_UR5_Project/install/move_ws/share/move_ws/hook/cmake_prefix_path.ps1'
[263.415s] INFO:colcon.colcon_core.shell:Creating environment descriptor '/home/ubuntu/ros2_ws/src/Manipulator_UR5_Project/install/move_ws/share/move_ws/hook/cmake_prefix_path.dsv'
[263.417s] INFO:colcon.colcon_core.shell:Creating environment hook '/home/ubuntu/ros2_ws/src/Manipulator_UR5_Project/install/move_ws/share/move_ws/hook/cmake_prefix_path.sh'
[263.422s] Level 1:colcon.colcon_core.environment:checking '/home/ubuntu/ros2_ws/src/Manipulator_UR5_Project/install/move_ws/lib'
[263.436s] Level 1:colcon.colcon_core.shell:create_environment_hook('move_ws', 'ld_library_path_lib')
[263.441s] INFO:colcon.colcon_core.shell:Creating environment hook '/home/ubuntu/ros2_ws/src/Manipulator_UR5_Project/install/move_ws/share/move_ws/hook/ld_library_path_lib.ps1'
[263.471s] INFO:colcon.colcon_core.shell:Creating environment descriptor '/home/ubuntu/ros2_ws/src/Manipulator_UR5_Project/install/move_ws/share/move_ws/hook/ld_library_path_lib.dsv'
[263.492s] INFO:colcon.colcon_core.shell:Creating environment hook '/home/ubuntu/ros2_ws/src/Manipulator_UR5_Project/install/move_ws/share/move_ws/hook/ld_library_path_lib.sh'
[263.498s] Level 1:colcon.colcon_core.environment:checking '/home/ubuntu/ros2_ws/src/Manipulator_UR5_Project/install/move_ws/bin'
[263.503s] Level 1:colcon.colcon_core.environment:checking '/home/ubuntu/ros2_ws/src/Manipulator_UR5_Project/install/move_ws/lib/pkgconfig/move_ws.pc'
[263.513s] Level 1:colcon.colcon_core.environment:checking '/home/ubuntu/ros2_ws/src/Manipulator_UR5_Project/install/move_ws/lib/python3.12/site-packages'
[263.514s] Level 1:colcon.colcon_core.shell:create_environment_hook('move_ws', 'pythonpath')
[263.514s] INFO:colcon.colcon_core.shell:Creating environment hook '/home/ubuntu/ros2_ws/src/Manipulator_UR5_Project/install/move_ws/share/move_ws/hook/pythonpath.ps1'
[263.525s] INFO:colcon.colcon_core.shell:Creating environment descriptor '/home/ubuntu/ros2_ws/src/Manipulator_UR5_Project/install/move_ws/share/move_ws/hook/pythonpath.dsv'
[263.531s] INFO:colcon.colcon_core.shell:Creating environment hook '/home/ubuntu/ros2_ws/src/Manipulator_UR5_Project/install/move_ws/share/move_ws/hook/pythonpath.sh'
[263.553s] Level 1:colcon.colcon_core.environment:checking '/home/ubuntu/ros2_ws/src/Manipulator_UR5_Project/install/move_ws/bin'
[263.558s] INFO:colcon.colcon_core.shell:Creating package script '/home/ubuntu/ros2_ws/src/Manipulator_UR5_Project/install/move_ws/share/move_ws/package.ps1'
[263.564s] INFO:colcon.colcon_core.shell:Creating package descriptor '/home/ubuntu/ros2_ws/src/Manipulator_UR5_Project/install/move_ws/share/move_ws/package.dsv'
[263.567s] INFO:colcon.colcon_core.shell:Creating package script '/home/ubuntu/ros2_ws/src/Manipulator_UR5_Project/install/move_ws/share/move_ws/package.sh'
[263.571s] INFO:colcon.colcon_core.shell:Creating package script '/home/ubuntu/ros2_ws/src/Manipulator_UR5_Project/install/move_ws/share/move_ws/package.bash'
[263.575s] INFO:colcon.colcon_core.shell:Creating package script '/home/ubuntu/ros2_ws/src/Manipulator_UR5_Project/install/move_ws/share/move_ws/package.zsh'
[263.577s] Level 1:colcon.colcon_core.environment:create_file_with_runtime_dependencies(/home/ubuntu/ros2_ws/src/Manipulator_UR5_Project/install/move_ws/share/colcon-core/packages/move_ws)
[263.583s] INFO:colcon.colcon_ros.task.ament_cmake.build:Building ROS package in '/home/ubuntu/ros2_ws/src/Manipulator_UR5_Project/robotics_project_ws/src/complete_job_ws' with build type 'ament_cmake'
[263.589s] INFO:colcon.colcon_cmake.task.cmake.build:Building CMake package in '/home/ubuntu/ros2_ws/src/Manipulator_UR5_Project/robotics_project_ws/src/complete_job_ws'
[263.591s] INFO:colcon.colcon_core.shell:Skip shell extension 'powershell' for command environment: Not usable outside of PowerShell
[263.592s] DEBUG:colcon.colcon_core.shell:Skip shell extension 'dsv' for command environment
[264.065s] DEBUG:colcon.colcon_core.event_handler.log_command:Invoking command in '/home/ubuntu/ros2_ws/src/Manipulator_UR5_Project/build/complete_job_ws': AMENT_PREFIX_PATH=/home/ubuntu/ros2_ws/src/Manipulator_UR5_Project/install/move_ws:${AMENT_PREFIX_PATH} CMAKE_PREFIX_PATH=/home/ubuntu/ros2_ws/src/Manipulator_UR5_Project/install/move_ws:/opt/ros/jazzy/opt/gz_sim_vendor:/opt/ros/jazzy/opt/gz_sensors_vendor:/opt/ros/jazzy/opt/gz_physics_vendor:/opt/ros/jazzy/opt/sdformat_vendor:/opt/ros/jazzy/opt/gz_gui_vendor:/opt/ros/jazzy/opt/gz_transport_vendor:/opt/ros/jazzy/opt/gz_rendering_vendor:/opt/ros/jazzy/opt/gz_plugin_vendor:/opt/ros/jazzy/opt/gz_fuel_tools_vendor:/opt/ros/jazzy/opt/gz_msgs_vendor:/opt/ros/jazzy/opt/gz_common_vendor:/opt/ros/jazzy/opt/gz_math_vendor:/opt/ros/jazzy/opt/gz_utils_vendor:/opt/ros/jazzy/opt/gz_tools_vendor:/opt/ros/jazzy/opt/gz_ogre_next_vendor:/opt/ros/jazzy/opt/gz_dartsim_vendor:/opt/ros/jazzy/opt/gz_cmake_vendor:/opt/ros/jazzy LD_LIBRARY_PATH=/home/ubuntu/ros2_ws/src/Manipulator_UR5_Project/install/move_ws/lib:${LD_LIBRARY_PATH} PYTHONPATH=/home/ubuntu/ros2_ws/src/Manipulator_UR5_Project/install/move_ws/lib/python3.12/site-packages:${PYTHONPATH} /usr/bin/cmake /home/ubuntu/ros2_ws/src/Manipulator_UR5_Project/robotics_project_ws/src/complete_job_ws -DCMAKE_INSTALL_PREFIX=/home/ubuntu/ros2_ws/src/Manipulator_UR5_Project/install/complete_job_ws
[270.487s] DEBUG:colcon.colcon_core.event_handler.log_command:Invoked command in '/home/ubuntu/ros2_ws/src/Manipulator_UR5_Project/build/complete_job_ws' returned '1': AMENT_PREFIX_PATH=/home/ubuntu/ros2_ws/src/Manipulator_UR5_Project/install/move_ws:${AMENT_PREFIX_PATH} CMAKE_PREFIX_PATH=/home/ubuntu/ros2_ws/src/Manipulator_UR5_Project/install/move_ws:/opt/ros/jazzy/opt/gz_sim_vendor:/opt/ros/jazzy/opt/gz_sensors_vendor:/opt/ros/jazzy/opt/gz_physics_vendor:/opt/ros/jazzy/opt/sdformat_vendor:/opt/ros/jazzy/opt/gz_gui_vendor:/opt/ros/jazzy/opt/gz_transport_vendor:/opt/ros/jazzy/opt/gz_rendering_vendor:/opt/ros/jazzy/opt/gz_plugin_vendor:/opt/ros/jazzy/opt/gz_fuel_tools_vendor:/opt/ros/jazzy/opt/gz_msgs_vendor:/opt/ros/jazzy/opt/gz_common_vendor:/opt/ros/jazzy/opt/gz_math_vendor:/opt/ros/jazzy/opt/gz_utils_vendor:/opt/ros/jazzy/opt/gz_tools_vendor:/opt/ros/jazzy/opt/gz_ogre_next_vendor:/opt/ros/jazzy/opt/gz_dartsim_vendor:/opt/ros/jazzy/opt/gz_cmake_vendor:/opt/ros/jazzy LD_LIBRARY_PATH=/home/ubuntu/ros2_ws/src/Manipulator_UR5_Project/install/move_ws/lib:${LD_LIBRARY_PATH} PYTHONPATH=/home/ubuntu/ros2_ws/src/Manipulator_UR5_Project/install/move_ws/lib/python3.12/site-packages:${PYTHONPATH} /usr/bin/cmake /home/ubuntu/ros2_ws/src/Manipulator_UR5_Project/robotics_project_ws/src/complete_job_ws -DCMAKE_INSTALL_PREFIX=/home/ubuntu/ros2_ws/src/Manipulator_UR5_Project/install/complete_job_ws
[270.618s] Level 1:colcon.colcon_core.environment:create_environment_scripts_only(complete_job_ws)
[270.622s] Level 1:colcon.colcon_core.environment:checking '/home/ubuntu/ros2_ws/src/Manipulator_UR5_Project/install/complete_job_ws' for CMake module files
[270.630s] Level 1:colcon.colcon_core.environment:checking '/home/ubuntu/ros2_ws/src/Manipulator_UR5_Project/install/complete_job_ws' for CMake config files
[270.645s] Level 1:colcon.colcon_core.environment:checking '/home/ubuntu/ros2_ws/src/Manipulator_UR5_Project/install/complete_job_ws/bin'
[270.647s] Level 1:colcon.colcon_core.environment:checking '/home/ubuntu/ros2_ws/src/Manipulator_UR5_Project/install/complete_job_ws/lib/pkgconfig/complete_job_ws.pc'
[270.652s] Level 1:colcon.colcon_core.environment:checking '/home/ubuntu/ros2_ws/src/Manipulator_UR5_Project/install/complete_job_ws/lib/python3.12/site-packages'
[270.657s] Level 1:colcon.colcon_core.environment:checking '/home/ubuntu/ros2_ws/src/Manipulator_UR5_Project/install/complete_job_ws/bin'
[270.664s] INFO:colcon.colcon_core.shell:Creating package script '/home/ubuntu/ros2_ws/src/Manipulator_UR5_Project/install/complete_job_ws/share/complete_job_ws/package.ps1'
[270.679s] INFO:colcon.colcon_core.shell:Creating package descriptor '/home/ubuntu/ros2_ws/src/Manipulator_UR5_Project/install/complete_job_ws/share/complete_job_ws/package.dsv'
[270.693s] INFO:colcon.colcon_core.shell:Creating package script '/home/ubuntu/ros2_ws/src/Manipulator_UR5_Project/install/complete_job_ws/share/complete_job_ws/package.sh'
[270.695s] INFO:colcon.colcon_core.shell:Creating package script '/home/ubuntu/ros2_ws/src/Manipulator_UR5_Project/install/complete_job_ws/share/complete_job_ws/package.bash'
[270.718s] INFO:colcon.colcon_core.shell:Creating package script '/home/ubuntu/ros2_ws/src/Manipulator_UR5_Project/install/complete_job_ws/share/complete_job_ws/package.zsh'
[270.737s] Level 1:colcon.colcon_core.environment:create_file_with_runtime_dependencies(/home/ubuntu/ros2_ws/src/Manipulator_UR5_Project/install/complete_job_ws/share/colcon-core/packages/complete_job_ws)
[270.756s] DEBUG:colcon.colcon_parallel_executor.executor.parallel:closing loop
[270.758s] DEBUG:colcon.colcon_parallel_executor.executor.parallel:loop closed
[270.761s] DEBUG:colcon.colcon_parallel_executor.executor.parallel:run_until_complete finished with '1'
[270.762s] DEBUG:colcon.colcon_core.event_reactor:joining thread
[270.924s] INFO:colcon.colcon_core.plugin_system:Skipping extension 'colcon_notification.desktop_notification.terminal_notifier': Not used on non-Darwin systems
[270.931s] INFO:colcon.colcon_core.plugin_system:Skipping extension 'colcon_notification.desktop_notification.win32': Not used on non-Windows systems
[270.934s] INFO:colcon.colcon_notification.desktop_notification:Sending desktop notification using 'notify2'
[272.292s] DEBUG:colcon.colcon_core.event_reactor:joined thread
[272.297s] INFO:colcon.colcon_core.shell:Creating prefix script '/home/ubuntu/ros2_ws/src/Manipulator_UR5_Project/install/local_setup.ps1'
[272.313s] INFO:colcon.colcon_core.shell:Creating prefix util module '/home/ubuntu/ros2_ws/src/Manipulator_UR5_Project/install/_local_setup_util_ps1.py'
[272.317s] INFO:colcon.colcon_core.shell:Creating prefix chain script '/home/ubuntu/ros2_ws/src/Manipulator_UR5_Project/install/setup.ps1'
[272.328s] INFO:colcon.colcon_core.shell:Creating prefix script '/home/ubuntu/ros2_ws/src/Manipulator_UR5_Project/install/local_setup.sh'
[272.331s] INFO:colcon.colcon_core.shell:Creating prefix util module '/home/ubuntu/ros2_ws/src/Manipulator_UR5_Project/install/_local_setup_util_sh.py'
[272.337s] INFO:colcon.colcon_core.shell:Creating prefix chain script '/home/ubuntu/ros2_ws/src/Manipulator_UR5_Project/install/setup.sh'
[272.346s] INFO:colcon.colcon_core.shell:Creating prefix script '/home/ubuntu/ros2_ws/src/Manipulator_UR5_Project/install/local_setup.bash'
[272.351s] INFO:colcon.colcon_core.shell:Creating prefix chain script '/home/ubuntu/ros2_ws/src/Manipulator_UR5_Project/install/setup.bash'
[272.359s] INFO:colcon.colcon_core.shell:Creating prefix script '/home/ubuntu/ros2_ws/src/Manipulator_UR5_Project/install/local_setup.zsh'
[272.365s] INFO:colcon.colcon_core.shell:Creating prefix chain script '/home/ubuntu/ros2_ws/src/Manipulator_UR5_Project/install/setup.zsh'
